生成启动时间为 2016/8/1 14:49:48。
     1>项目“C:\Users\Administrator\Desktop\wx\网络资源\libharu\pdflib\libharu\libharu.vcxproj”在节点 2 上(rebuild 个目标)。
     1>PrepareForBuild:
         正在创建目录“C:\Users\Administrator\Desktop\wx\网络资源\libharu\pdflib\Bin\Release\Win32\”。
       InitializeBuildStatus:
         正在创建“Release\libharu.unsuccessfulbuild”，因为已指定“AlwaysCreate”。
       ClCompile:
         C:\Program Files (x86)\Microsoft Visual Studio 10.0\VC\bin\CL.exe /c /Iinclude /Ithird /Zi /nologo /W3 /WX- /O2 /Oi /Oy- /GL /D _MBCS /Gm- /EHsc /MD /GS /Gy /fp:precise /Zc:wchar_t /Zc:forScope /Fo"Release\\" /Fd"Release\vc100.pdb" /Gd /TC /analyze- /errorReport:prompt src\hpdf_3dmeasure.c src\hpdf_annotation.c src\hpdf_array.c src\hpdf_binary.c src\hpdf_boolean.c src\hpdf_catalog.c src\hpdf_destination.c src\hpdf_dict.c src\hpdf_doc.c src\hpdf_doc_png.c src\hpdf_encoder.c src\hpdf_encoder_cns.c src\hpdf_encoder_cnt.c src\hpdf_encoder_jp.c src\hpdf_encoder_kr.c src\hpdf_encoder_utf.c src\hpdf_encrypt.c src\hpdf_encryptdict.c src\hpdf_error.c src\hpdf_exdata.c src\hpdf_ext_gstate.c src\hpdf_font.c src\hpdf_font_cid.c src\hpdf_font_tt.c src\hpdf_font_type1.c src\hpdf_fontdef.c src\hpdf_fontdef_base14.c src\hpdf_fontdef_cid.c src\hpdf_fontdef_cns.c src\hpdf_fontdef_cnt.c src\hpdf_fontdef_jp.c src\hpdf_fontdef_kr.c src\hpdf_fontdef_tt.c src\hpdf_fontdef_type1.c src\hpdf_gstate.c src\hpdf_image.c src\hpdf_image_ccitt.c src\hpdf_image_png.c src\hpdf_info.c src\hpdf_list.c src\hpdf_mmgr.c src\hpdf_name.c src\hpdf_namedict.c src\hpdf_null.c src\hpdf_number.c src\hpdf_objects.c src\hpdf_outline.c src\hpdf_page_label.c src\hpdf_page_operator.c src\hpdf_pages.c src\hpdf_pdfa.c src\hpdf_real.c src\hpdf_streams.c src\hpdf_string.c src\hpdf_u3d.c src\hpdf_utils.c src\hpdf_xref.c
         hpdf_3dmeasure.c
         hpdf_annotation.c
         hpdf_array.c
         hpdf_binary.c
         hpdf_boolean.c
         hpdf_catalog.c
         hpdf_destination.c
         hpdf_dict.c
         hpdf_doc.c
         hpdf_doc_png.c
         hpdf_encoder.c
         hpdf_encoder_cns.c
         hpdf_encoder_cnt.c
         hpdf_encoder_jp.c
         hpdf_encoder_kr.c
         hpdf_encoder_utf.c
         hpdf_encrypt.c
         hpdf_encryptdict.c
         hpdf_error.c
         hpdf_exdata.c
         正在编译...
         hpdf_ext_gstate.c
         hpdf_font.c
         hpdf_font_cid.c
         hpdf_font_tt.c
         hpdf_font_type1.c
         hpdf_fontdef.c
         hpdf_fontdef_base14.c
         hpdf_fontdef_cid.c
         hpdf_fontdef_cns.c
         hpdf_fontdef_cnt.c
         hpdf_fontdef_jp.c
         hpdf_fontdef_kr.c
         hpdf_fontdef_tt.c
         hpdf_fontdef_type1.c
         hpdf_gstate.c
         hpdf_image.c
         hpdf_image_ccitt.c
         hpdf_image_png.c
     1>src\hpdf_image_png.c(350): warning C4018: “<”: 有符号/无符号不匹配
         hpdf_info.c
         hpdf_list.c
         正在编译...
         hpdf_mmgr.c
         hpdf_name.c
         hpdf_namedict.c
         hpdf_null.c
         hpdf_number.c
         hpdf_objects.c
         hpdf_outline.c
         hpdf_page_label.c
         hpdf_page_operator.c
         hpdf_pages.c
         hpdf_pdfa.c
         hpdf_real.c
         hpdf_streams.c
         hpdf_string.c
         hpdf_u3d.c
         hpdf_utils.c
         hpdf_xref.c
       Lib:
         C:\Program Files (x86)\Microsoft Visual Studio 10.0\VC\bin\Lib.exe /OUT:"C:\Users\Administrator\Desktop\wx\网络资源\libharu\pdflib\Bin\Release\Win32\libharu.lib" libpng14.lib zlib.lib /LIBPATH:lib /NOLOGO /LTCG Release\hpdf_3dmeasure.obj
         Release\hpdf_annotation.obj
         Release\hpdf_array.obj
         Release\hpdf_binary.obj
         Release\hpdf_boolean.obj
         Release\hpdf_catalog.obj
         Release\hpdf_destination.obj
         Release\hpdf_dict.obj
         Release\hpdf_doc.obj
         Release\hpdf_doc_png.obj
         Release\hpdf_encoder.obj
         Release\hpdf_encoder_cns.obj
         Release\hpdf_encoder_cnt.obj
         Release\hpdf_encoder_jp.obj
         Release\hpdf_encoder_kr.obj
         Release\hpdf_encoder_utf.obj
         Release\hpdf_encrypt.obj
         Release\hpdf_encryptdict.obj
         Release\hpdf_error.obj
         Release\hpdf_exdata.obj
         Release\hpdf_ext_gstate.obj
         Release\hpdf_font.obj
         Release\hpdf_font_cid.obj
         Release\hpdf_font_tt.obj
         Release\hpdf_font_type1.obj
         Release\hpdf_fontdef.obj
         Release\hpdf_fontdef_base14.obj
         Release\hpdf_fontdef_cid.obj
         Release\hpdf_fontdef_cns.obj
         Release\hpdf_fontdef_cnt.obj
         Release\hpdf_fontdef_jp.obj
         Release\hpdf_fontdef_kr.obj
         Release\hpdf_fontdef_tt.obj
         Release\hpdf_fontdef_type1.obj
         Release\hpdf_gstate.obj
         Release\hpdf_image.obj
         Release\hpdf_image_ccitt.obj
         Release\hpdf_image_png.obj
         Release\hpdf_info.obj
         Release\hpdf_list.obj
         Release\hpdf_mmgr.obj
         Release\hpdf_name.obj
         Release\hpdf_namedict.obj
         Release\hpdf_null.obj
         Release\hpdf_number.obj
         Release\hpdf_objects.obj
         Release\hpdf_outline.obj
         Release\hpdf_page_label.obj
         Release\hpdf_page_operator.obj
         Release\hpdf_pages.obj
         Release\hpdf_pdfa.obj
         Release\hpdf_real.obj
         Release\hpdf_streams.obj
         Release\hpdf_string.obj
         Release\hpdf_u3d.obj
         Release\hpdf_utils.obj
         Release\hpdf_xref.obj
         libharu.vcxproj -> C:\Users\Administrator\Desktop\wx\网络资源\libharu\pdflib\Bin\Release\Win32\libharu.lib
       FinalizeBuildStatus:
         正在删除文件“Release\libharu.unsuccessfulbuild”。
         正在对“Release\libharu.lastbuildstate”执行 Touch 任务。
     1>已完成生成项目“C:\Users\Administrator\Desktop\wx\网络资源\libharu\pdflib\libharu\libharu.vcxproj”(rebuild 个目标)的操作。

生成成功。

已用时间 00:00:01.90
