C:\Users\mld\Desktop\rs15\libharu\pdflib\libharu\obj\cl.command.1.tlog
C:\Users\mld\Desktop\rs15\libharu\pdflib\libharu\obj\CL.read.1.tlog
C:\Users\mld\Desktop\rs15\libharu\pdflib\libharu\obj\CL.write.1.tlog
C:\USERS\MLD\DESKTOP\RS15\LIBHARU\PDFLIB\LIBHARU\OBJ\HPDF_3DMEASURE.OBJ
C:\USERS\MLD\DESKTOP\RS15\LIBHARU\PDFLIB\LIBHARU\OBJ\HPDF_ANNOTATION.OBJ
C:\USERS\MLD\DESKTOP\RS15\LIBHARU\PDFLIB\LIBHARU\OBJ\HPDF_ARRAY.OBJ
C:\USERS\MLD\DESKTOP\RS15\LIBHARU\PDFLIB\LIBHARU\OBJ\HPDF_BINARY.OBJ
C:\USERS\MLD\DESKTOP\RS15\LIBHARU\PDFLIB\LIBHARU\OBJ\HPDF_BOOLEAN.OBJ
C:\USERS\MLD\DESKTOP\RS15\LIBHARU\PDFLIB\LIBHARU\OBJ\HPDF_CATALOG.OBJ
C:\USERS\MLD\DESKTOP\RS15\LIBHARU\PDFLIB\LIBHARU\OBJ\HPDF_DESTINATION.OBJ
C:\USERS\MLD\DESKTOP\RS15\LIBHARU\PDFLIB\LIBHARU\OBJ\HPDF_DICT.OBJ
C:\USERS\MLD\DESKTOP\RS15\LIBHARU\PDFLIB\LIBHARU\OBJ\HPDF_DOC.OBJ
C:\USERS\MLD\DESKTOP\RS15\LIBHARU\PDFLIB\LIBHARU\OBJ\HPDF_DOC_PNG.OBJ
C:\USERS\MLD\DESKTOP\RS15\LIBHARU\PDFLIB\LIBHARU\OBJ\HPDF_ENCODER.OBJ
C:\USERS\MLD\DESKTOP\RS15\LIBHARU\PDFLIB\LIBHARU\OBJ\HPDF_ENCODER_CNS.OBJ
C:\USERS\MLD\DESKTOP\RS15\LIBHARU\PDFLIB\LIBHARU\OBJ\HPDF_ENCODER_CNT.OBJ
C:\USERS\MLD\DESKTOP\RS15\LIBHARU\PDFLIB\LIBHARU\OBJ\HPDF_ENCODER_JP.OBJ
C:\USERS\MLD\DESKTOP\RS15\LIBHARU\PDFLIB\LIBHARU\OBJ\HPDF_ENCODER_KR.OBJ
C:\USERS\MLD\DESKTOP\RS15\LIBHARU\PDFLIB\LIBHARU\OBJ\HPDF_ENCODER_UTF.OBJ
C:\USERS\MLD\DESKTOP\RS15\LIBHARU\PDFLIB\LIBHARU\OBJ\HPDF_ENCRYPT.OBJ
C:\USERS\MLD\DESKTOP\RS15\LIBHARU\PDFLIB\LIBHARU\OBJ\HPDF_ENCRYPTDICT.OBJ
C:\USERS\MLD\DESKTOP\RS15\LIBHARU\PDFLIB\LIBHARU\OBJ\HPDF_ERROR.OBJ
C:\USERS\MLD\DESKTOP\RS15\LIBHARU\PDFLIB\LIBHARU\OBJ\HPDF_EXDATA.OBJ
C:\USERS\MLD\DESKTOP\RS15\LIBHARU\PDFLIB\LIBHARU\OBJ\HPDF_EXT_GSTATE.OBJ
C:\USERS\MLD\DESKTOP\RS15\LIBHARU\PDFLIB\LIBHARU\OBJ\HPDF_FONT.OBJ
C:\USERS\MLD\DESKTOP\RS15\LIBHARU\PDFLIB\LIBHARU\OBJ\HPDF_FONT_CID.OBJ
C:\USERS\MLD\DESKTOP\RS15\LIBHARU\PDFLIB\LIBHARU\OBJ\HPDF_FONT_TT.OBJ
C:\USERS\MLD\DESKTOP\RS15\LIBHARU\PDFLIB\LIBHARU\OBJ\HPDF_FONT_TYPE1.OBJ
C:\USERS\MLD\DESKTOP\RS15\LIBHARU\PDFLIB\LIBHARU\OBJ\HPDF_FONTDEF.OBJ
C:\USERS\MLD\DESKTOP\RS15\LIBHARU\PDFLIB\LIBHARU\OBJ\HPDF_FONTDEF_BASE14.OBJ
C:\USERS\MLD\DESKTOP\RS15\LIBHARU\PDFLIB\LIBHARU\OBJ\HPDF_FONTDEF_CID.OBJ
C:\USERS\MLD\DESKTOP\RS15\LIBHARU\PDFLIB\LIBHARU\OBJ\HPDF_FONTDEF_CNS.OBJ
C:\USERS\MLD\DESKTOP\RS15\LIBHARU\PDFLIB\LIBHARU\OBJ\HPDF_FONTDEF_CNT.OBJ
C:\USERS\MLD\DESKTOP\RS15\LIBHARU\PDFLIB\LIBHARU\OBJ\HPDF_FONTDEF_JP.OBJ
C:\USERS\MLD\DESKTOP\RS15\LIBHARU\PDFLIB\LIBHARU\OBJ\HPDF_FONTDEF_KR.OBJ
C:\USERS\MLD\DESKTOP\RS15\LIBHARU\PDFLIB\LIBHARU\OBJ\HPDF_FONTDEF_TT.OBJ
C:\USERS\MLD\DESKTOP\RS15\LIBHARU\PDFLIB\LIBHARU\OBJ\HPDF_FONTDEF_TYPE1.OBJ
C:\USERS\MLD\DESKTOP\RS15\LIBHARU\PDFLIB\LIBHARU\OBJ\HPDF_GSTATE.OBJ
C:\USERS\MLD\DESKTOP\RS15\LIBHARU\PDFLIB\LIBHARU\OBJ\HPDF_IMAGE.OBJ
C:\USERS\MLD\DESKTOP\RS15\LIBHARU\PDFLIB\LIBHARU\OBJ\HPDF_IMAGE_CCITT.OBJ
C:\USERS\MLD\DESKTOP\RS15\LIBHARU\PDFLIB\LIBHARU\OBJ\HPDF_INFO.OBJ
C:\USERS\MLD\DESKTOP\RS15\LIBHARU\PDFLIB\LIBHARU\OBJ\HPDF_LIST.OBJ
C:\USERS\MLD\DESKTOP\RS15\LIBHARU\PDFLIB\LIBHARU\OBJ\HPDF_MMGR.OBJ
C:\USERS\MLD\DESKTOP\RS15\LIBHARU\PDFLIB\LIBHARU\OBJ\HPDF_NAME.OBJ
C:\USERS\MLD\DESKTOP\RS15\LIBHARU\PDFLIB\LIBHARU\OBJ\HPDF_NAMEDICT.OBJ
C:\USERS\MLD\DESKTOP\RS15\LIBHARU\PDFLIB\LIBHARU\OBJ\HPDF_NULL.OBJ
C:\USERS\MLD\DESKTOP\RS15\LIBHARU\PDFLIB\LIBHARU\OBJ\HPDF_NUMBER.OBJ
C:\USERS\MLD\DESKTOP\RS15\LIBHARU\PDFLIB\LIBHARU\OBJ\HPDF_OBJECTS.OBJ
C:\USERS\MLD\DESKTOP\RS15\LIBHARU\PDFLIB\LIBHARU\OBJ\HPDF_OUTLINE.OBJ
C:\USERS\MLD\DESKTOP\RS15\LIBHARU\PDFLIB\LIBHARU\OBJ\HPDF_PAGE_LABEL.OBJ
C:\USERS\MLD\DESKTOP\RS15\LIBHARU\PDFLIB\LIBHARU\OBJ\HPDF_PAGE_OPERATOR.OBJ
C:\USERS\MLD\DESKTOP\RS15\LIBHARU\PDFLIB\LIBHARU\OBJ\HPDF_PAGES.OBJ
C:\USERS\MLD\DESKTOP\RS15\LIBHARU\PDFLIB\LIBHARU\OBJ\HPDF_PDFA.OBJ
C:\USERS\MLD\DESKTOP\RS15\LIBHARU\PDFLIB\LIBHARU\OBJ\HPDF_REAL.OBJ
C:\USERS\MLD\DESKTOP\RS15\LIBHARU\PDFLIB\LIBHARU\OBJ\HPDF_STREAMS.OBJ
C:\USERS\MLD\DESKTOP\RS15\LIBHARU\PDFLIB\LIBHARU\OBJ\HPDF_STRING.OBJ
C:\USERS\MLD\DESKTOP\RS15\LIBHARU\PDFLIB\LIBHARU\OBJ\HPDF_U3D.OBJ
C:\USERS\MLD\DESKTOP\RS15\LIBHARU\PDFLIB\LIBHARU\OBJ\HPDF_UTILS.OBJ
C:\USERS\MLD\DESKTOP\RS15\LIBHARU\PDFLIB\LIBHARU\OBJ\HPDF_XREF.OBJ
C:\Users\mld\Desktop\rs15\libharu\pdflib\libharu\obj\libharu.write.1.tlog
C:\Users\mld\Desktop\rs15\libharu\pdflib\libharu\obj\vc100.pdb
