C:\Users\Administrator\Desktop\wx\网络资源\libharu\pdflib\\libharu_app\Debug\libharu_app.exe
C:\Users\Administrator\Desktop\wx\网络资源\libharu\pdflib\\libharu_app\Debug\libharu_app.ilk
C:\Users\Administrator\Desktop\wx\网络资源\libharu\pdflib\\libharu_app\Debug\libharu_app.pdb
C:\USERS\ADMINISTRATOR\DESKTOP\WX\网络资源\LIBHARU\PDFLIB\LIBHARU_APP\DEBUG\LIBHARU_APP.EXE
C:\USERS\ADMINISTRATOR\DESKTOP\WX\网络资源\LIBHARU\PDFLIB\LIBHARU_APP\DEBUG\LIBHARU_APP.ILK
C:\USERS\ADMINISTRATOR\DESKTOP\WX\网络资源\LIBHARU\PDFLIB\LIBHARU_APP\DEBUG\LIBHARU_APP.PDB
C:\Users\Administrator\Desktop\wx\网络资源\libharu\pdflib\libharu_app\Debug\obj\cl.command.1.tlog
C:\Users\Administrator\Desktop\wx\网络资源\libharu\pdflib\libharu_app\Debug\obj\CL.read.1.tlog
C:\Users\Administrator\Desktop\wx\网络资源\libharu\pdflib\libharu_app\Debug\obj\CL.write.1.tlog
C:\USERS\ADMINISTRATOR\DESKTOP\WX\网络资源\LIBHARU\PDFLIB\LIBHARU_APP\DEBUG\OBJ\ERROR_HANDLE.OBJ
C:\USERS\ADMINISTRATOR\DESKTOP\WX\网络资源\LIBHARU\PDFLIB\LIBHARU_APP\DEBUG\OBJ\GRID_SHEET.OBJ
C:\USERS\ADMINISTRATOR\DESKTOP\WX\网络资源\LIBHARU\PDFLIB\LIBHARU_APP\DEBUG\OBJ\LIBHARU_APP.EXE.EMBED.MANIFEST
C:\USERS\ADMINISTRATOR\DESKTOP\WX\网络资源\LIBHARU\PDFLIB\LIBHARU_APP\DEBUG\OBJ\LIBHARU_APP.EXE.EMBED.MANIFEST.RES
C:\USERS\ADMINISTRATOR\DESKTOP\WX\网络资源\LIBHARU\PDFLIB\LIBHARU_APP\DEBUG\OBJ\LIBHARU_APP.EXE.INTERMEDIATE.MANIFEST
C:\Users\Administrator\Desktop\wx\网络资源\libharu\pdflib\libharu_app\Debug\obj\libharu_app_manifest.rc
C:\Users\Administrator\Desktop\wx\网络资源\libharu\pdflib\libharu_app\Debug\obj\link.12040.read.1.tlog
C:\Users\Administrator\Desktop\wx\网络资源\libharu\pdflib\libharu_app\Debug\obj\link.12040.write.1.tlog
C:\Users\Administrator\Desktop\wx\网络资源\libharu\pdflib\libharu_app\Debug\obj\link.12040-cvtres.read.1.tlog
C:\Users\Administrator\Desktop\wx\网络资源\libharu\pdflib\libharu_app\Debug\obj\link.12040-cvtres.write.1.tlog
C:\Users\Administrator\Desktop\wx\网络资源\libharu\pdflib\libharu_app\Debug\obj\link.command.1.tlog
C:\Users\Administrator\Desktop\wx\网络资源\libharu\pdflib\libharu_app\Debug\obj\link.read.1.tlog
C:\Users\Administrator\Desktop\wx\网络资源\libharu\pdflib\libharu_app\Debug\obj\link.write.1.tlog
C:\Users\Administrator\Desktop\wx\网络资源\libharu\pdflib\libharu_app\Debug\obj\link-cvtres.read.1.tlog
C:\Users\Administrator\Desktop\wx\网络资源\libharu\pdflib\libharu_app\Debug\obj\link-cvtres.write.1.tlog
C:\USERS\ADMINISTRATOR\DESKTOP\WX\网络资源\LIBHARU\PDFLIB\LIBHARU_APP\DEBUG\OBJ\MAIN.OBJ
C:\Users\Administrator\Desktop\wx\网络资源\libharu\pdflib\libharu_app\Debug\obj\mt.command.1.tlog
C:\Users\Administrator\Desktop\wx\网络资源\libharu\pdflib\libharu_app\Debug\obj\mt.read.1.tlog
C:\Users\Administrator\Desktop\wx\网络资源\libharu\pdflib\libharu_app\Debug\obj\mt.write.1.tlog
C:\USERS\ADMINISTRATOR\DESKTOP\WX\网络资源\LIBHARU\PDFLIB\LIBHARU_APP\DEBUG\OBJ\RAW_IMAGE_DEMO.OBJ
C:\Users\Administrator\Desktop\wx\网络资源\libharu\pdflib\libharu_app\Debug\obj\rc.command.1.tlog
C:\Users\Administrator\Desktop\wx\网络资源\libharu\pdflib\libharu_app\Debug\obj\rc.read.1.tlog
C:\Users\Administrator\Desktop\wx\网络资源\libharu\pdflib\libharu_app\Debug\obj\rc.write.1.tlog
C:\USERS\ADMINISTRATOR\DESKTOP\WX\网络资源\LIBHARU\PDFLIB\LIBHARU_APP\DEBUG\OBJ\TEXT_DEMO.OBJ
C:\Users\Administrator\Desktop\wx\网络资源\libharu\pdflib\libharu_app\Debug\obj\vc100.idb
C:\USERS\ADMINISTRATOR\DESKTOP\WX\网络资源\LIBHARU\PDFLIB\LIBHARU_APP\DEBUG\OBJ\VC100.PDB
