生成启动时间为 2016/9/14 19:47:28。
     1>项目“C:\Users\Administrator\Desktop\wx\ssw\ssw\libharu\pdflib\sswPDFLib\sswPDFLib.vcxproj”在节点 2 上(rebuild 个目标)。
     1>_PrepareForClean:
         正在删除文件“Debug\sswPDFLib.lastbuildstate”。
       InitializeBuildStatus:
         正在创建“Debug\sswPDFLib.unsuccessfulbuild”，因为已指定“AlwaysCreate”。
       ClCompile:
         C:\Program Files (x86)\Microsoft Visual Studio 10.0\VC\bin\x86_amd64\CL.exe /c /I..\libharu\include /Zi /nologo /W3 /WX- /Od /D WIN32 /D _DEBUG /D _WINDOWS /D _USRDLL /D SSWPDF_EXPORTS /D _WINDLL /D _MBCS /Gm /EHsc /RTC1 /MDd /GS /fp:precise /Zc:wchar_t /Zc:forScope /Yc"StdAfx.h" /Fp"Debug\sswPDFLib.pch" /Fo"Debug\\" /Fd"Debug\vc100.pdb" /Gd /TP /errorReport:prompt stdafx.cpp
         stdafx.cpp
         C:\Program Files (x86)\Microsoft Visual Studio 10.0\VC\bin\x86_amd64\CL.exe /c /I..\libharu\include /Zi /nologo /W3 /WX- /Od /D WIN32 /D _DEBUG /D _WINDOWS /D _USRDLL /D SSWPDF_EXPORTS /D _WINDLL /D _MBCS /Gm /EHsc /RTC1 /MDd /GS /fp:precise /Zc:wchar_t /Zc:forScope /Yu"StdAfx.h" /Fp"Debug\sswPDFLib.pch" /Fo"Debug\\" /Fd"Debug\vc100.pdb" /Gd /TP /errorReport:prompt sswPDFLib.cpp
         sswPDFLib.cpp
     1>c:\users\administrator\desktop\wx\ssw\ssw\libharu\pdflib\sswpdflib\sswPDFLib.h(89): warning C4251: “CsswPdf::m_vecPages”: class“std::vector<_Ty>”需要有 dll 接口由 class“CsswPdf”的客户端使用
                 with
                 [
                     _Ty=void *
                 ]
     1>sswPDFLib.cpp(13): warning C4996: 'sprintf': This function or variable may be unsafe. Consider using sprintf_s instead. To disable deprecation, use _CRT_SECURE_NO_WARNINGS. See online help for details.
                 C:\Program Files (x86)\Microsoft Visual Studio 10.0\VC\include\stdio.h(371) : 参见“sprintf”的声明
     1>sswPDFLib.cpp(25): warning C4996: 'strcpy': This function or variable may be unsafe. Consider using strcpy_s instead. To disable deprecation, use _CRT_SECURE_NO_WARNINGS. See online help for details.
                 C:\Program Files (x86)\Microsoft Visual Studio 10.0\VC\include\string.h(105) : 参见“strcpy”的声明
     1>sswPDFLib.cpp(38): warning C4244: “参数”: 从“int”转换到“HPDF_REAL”，可能丢失数据
     1>sswPDFLib.cpp(72): warning C4244: “参数”: 从“int”转换到“HPDF_REAL”，可能丢失数据
     1>sswPDFLib.cpp(72): warning C4244: “参数”: 从“int”转换到“HPDF_REAL”，可能丢失数据
     1>sswPDFLib.cpp(72): warning C4244: “参数”: 从“int”转换到“HPDF_REAL”，可能丢失数据
     1>sswPDFLib.cpp(72): warning C4244: “参数”: 从“int”转换到“HPDF_REAL”，可能丢失数据
     1>sswPDFLib.cpp(83): warning C4267: “=”: 从“size_t”转换到“int”，可能丢失数据
     1>sswPDFLib.cpp(192): warning C4244: “=”: 从“HPDF_REAL”转换到“int”，可能丢失数据
     1>sswPDFLib.cpp(193): warning C4244: “=”: 从“HPDF_REAL”转换到“int”，可能丢失数据
     1>sswPDFLib.cpp(205): warning C4244: “初始化”: 从“HPDF_REAL”转换到“int”，可能丢失数据
     1>sswPDFLib.cpp(205): warning C4244: “=”: 从“HPDF_REAL”转换到“int”，可能丢失数据
     1>sswPDFLib.cpp(208): warning C4244: “初始化”: 从“float”转换到“int”，可能丢失数据
     1>sswPDFLib.cpp(211): warning C4244: “参数”: 从“int”转换到“HPDF_REAL”，可能丢失数据
     1>sswPDFLib.cpp(211): warning C4244: “参数”: 从“int”转换到“HPDF_REAL”，可能丢失数据
     1>sswPDFLib.cpp(212): warning C4244: “参数”: 从“int”转换到“HPDF_REAL”，可能丢失数据
     1>sswPDFLib.cpp(212): warning C4244: “参数”: 从“int”转换到“HPDF_REAL”，可能丢失数据
     1>sswPDFLib.cpp(223): warning C4996: 'strcpy': This function or variable may be unsafe. Consider using strcpy_s instead. To disable deprecation, use _CRT_SECURE_NO_WARNINGS. See online help for details.
                 C:\Program Files (x86)\Microsoft Visual Studio 10.0\VC\include\string.h(105) : 参见“strcpy”的声明
     1>sswPDFLib.cpp(226): warning C4996: 'strcpy': This function or variable may be unsafe. Consider using strcpy_s instead. To disable deprecation, use _CRT_SECURE_NO_WARNINGS. See online help for details.
                 C:\Program Files (x86)\Microsoft Visual Studio 10.0\VC\include\string.h(105) : 参见“strcpy”的声明
     1>sswPDFLib.cpp(255): warning C4244: “return”: 从“HPDF_REAL”转换到“int”，可能丢失数据
     1>sswPDFLib.cpp(265): warning C4267: “初始化”: 从“size_t”转换到“int”，可能丢失数据
     1>sswPDFLib.cpp(284): warning C4244: “初始化”: 从“HPDF_REAL”转换到“int”，可能丢失数据
     1>sswPDFLib.cpp(285): warning C4244: “=”: 从“HPDF_REAL”转换到“int”，可能丢失数据
     1>sswPDFLib.cpp(287): warning C4244: “=”: 从“HPDF_REAL”转换到“int”，可能丢失数据
     1>sswPDFLib.cpp(288): warning C4244: “=”: 从“HPDF_REAL”转换到“int”，可能丢失数据
     1>sswPDFLib.cpp(291): warning C4996: 'strncpy': This function or variable may be unsafe. Consider using strncpy_s instead. To disable deprecation, use _CRT_SECURE_NO_WARNINGS. See online help for details.
                 C:\Program Files (x86)\Microsoft Visual Studio 10.0\VC\include\string.h(188) : 参见“strncpy”的声明
     1>sswPDFLib.cpp(294): warning C4244: “参数”: 从“int”转换到“HPDF_REAL”，可能丢失数据
     1>sswPDFLib.cpp(294): warning C4244: “参数”: 从“int”转换到“HPDF_REAL”，可能丢失数据
     1>sswPDFLib.cpp(308): warning C4244: “-=”: 从“float”转换到“int”，可能丢失数据
     1>sswPDFLib.cpp(322): warning C4996: 'access': The POSIX name for this item is deprecated. Instead, use the ISO C++ conformant name: _access. See online help for details.
                 C:\Program Files (x86)\Microsoft Visual Studio 10.0\VC\include\io.h(299) : 参见“access”的声明
     1>sswPDFLib.cpp(324): warning C4996: 'strcpy': This function or variable may be unsafe. Consider using strcpy_s instead. To disable deprecation, use _CRT_SECURE_NO_WARNINGS. See online help for details.
                 C:\Program Files (x86)\Microsoft Visual Studio 10.0\VC\include\string.h(105) : 参见“strcpy”的声明
     1>sswPDFLib.cpp(338): warning C4244: “初始化”: 从“double”转换到“float”，可能丢失数据
     1>sswPDFLib.cpp(340): warning C4244: “=”: 从“double”转换到“float”，可能丢失数据
     1>sswPDFLib.cpp(341): warning C4244: “=”: 从“double”转换到“float”，可能丢失数据
     1>sswPDFLib.cpp(344): warning C4244: “=”: 从“double”转换到“int”，可能丢失数据
     1>sswPDFLib.cpp(349): warning C4244: “=”: 从“double”转换到“int”，可能丢失数据
     1>sswPDFLib.cpp(352): warning C4244: “*=”: 从“float”转换到“int”，可能丢失数据
     1>sswPDFLib.cpp(353): warning C4244: “*=”: 从“float”转换到“int”，可能丢失数据
     1>sswPDFLib.cpp(409): warning C4244: “=”: 从“HPDF_REAL”转换到“int”，可能丢失数据
     1>sswPDFLib.cpp(455): warning C4267: “=”: 从“size_t”转换到“int”，可能丢失数据
     1>sswPDFLib.cpp(468): warning C4244: “参数”: 从“int”转换到“HPDF_REAL”，可能丢失数据
     1>sswPDFLib.cpp(468): warning C4244: “参数”: 从“int”转换到“HPDF_REAL”，可能丢失数据
     1>sswPDFLib.cpp(469): warning C4244: “参数”: 从“int”转换到“HPDF_REAL”，可能丢失数据
     1>sswPDFLib.cpp(469): warning C4244: “参数”: 从“int”转换到“HPDF_REAL”，可能丢失数据
     1>sswPDFLib.cpp(476): warning C4244: “参数”: 从“int”转换到“HPDF_REAL”，可能丢失数据
     1>sswPDFLib.cpp(476): warning C4244: “参数”: 从“int”转换到“HPDF_REAL”，可能丢失数据
     1>sswPDFLib.cpp(477): warning C4244: “参数”: 从“int”转换到“HPDF_REAL”，可能丢失数据
     1>sswPDFLib.cpp(477): warning C4244: “参数”: 从“int”转换到“HPDF_REAL”，可能丢失数据
     1>sswPDFLib.cpp(483): warning C4244: “参数”: 从“int”转换到“HPDF_REAL”，可能丢失数据
     1>sswPDFLib.cpp(483): warning C4244: “参数”: 从“int”转换到“HPDF_REAL”，可能丢失数据
     1>sswPDFLib.cpp(484): warning C4244: “参数”: 从“int”转换到“HPDF_REAL”，可能丢失数据
     1>sswPDFLib.cpp(484): warning C4244: “参数”: 从“int”转换到“HPDF_REAL”，可能丢失数据
     1>sswPDFLib.cpp(493): warning C4244: “参数”: 从“int”转换到“HPDF_REAL”，可能丢失数据
     1>sswPDFLib.cpp(493): warning C4244: “参数”: 从“int”转换到“HPDF_REAL”，可能丢失数据
     1>sswPDFLib.cpp(494): warning C4244: “参数”: 从“int”转换到“HPDF_REAL”，可能丢失数据
     1>sswPDFLib.cpp(494): warning C4244: “参数”: 从“int”转换到“HPDF_REAL”，可能丢失数据
     1>sswPDFLib.cpp(497): warning C4244: “参数”: 从“int”转换到“HPDF_REAL”，可能丢失数据
     1>sswPDFLib.cpp(497): warning C4244: “参数”: 从“int”转换到“HPDF_REAL”，可能丢失数据
     1>sswPDFLib.cpp(498): warning C4244: “参数”: 从“int”转换到“HPDF_REAL”，可能丢失数据
     1>sswPDFLib.cpp(498): warning C4244: “参数”: 从“int”转换到“HPDF_REAL”，可能丢失数据
     1>sswPDFLib.cpp(527): warning C4244: “参数”: 从“int”转换到“HPDF_REAL”，可能丢失数据
     1>sswPDFLib.cpp(527): warning C4244: “参数”: 从“int”转换到“HPDF_REAL”，可能丢失数据
     1>sswPDFLib.cpp(528): warning C4244: “参数”: 从“int”转换到“HPDF_REAL”，可能丢失数据
     1>sswPDFLib.cpp(528): warning C4244: “参数”: 从“int”转换到“HPDF_REAL”，可能丢失数据
     1>sswPDFLib.cpp(531): warning C4244: “参数”: 从“int”转换到“HPDF_REAL”，可能丢失数据
     1>sswPDFLib.cpp(531): warning C4244: “参数”: 从“int”转换到“HPDF_REAL”，可能丢失数据
     1>sswPDFLib.cpp(532): warning C4244: “参数”: 从“int”转换到“HPDF_REAL”，可能丢失数据
     1>sswPDFLib.cpp(532): warning C4244: “参数”: 从“int”转换到“HPDF_REAL”，可能丢失数据
     1>sswPDFLib.cpp(549): warning C4267: “参数”: 从“size_t”转换到“int”，可能丢失数据
     1>sswPDFLib.cpp(620): warning C4244: “=”: 从“double”转换到“float”，可能丢失数据
     1>sswPDFLib.cpp(626): warning C4244: “=”: 从“double”转换到“float”，可能丢失数据
     1>sswPDFLib.cpp(642): warning C4305: “参数”: 从“double”到“HPDF_REAL”截断
     1>sswPDFLib.cpp(642): warning C4305: “参数”: 从“double”到“HPDF_REAL”截断
     1>sswPDFLib.cpp(642): warning C4305: “参数”: 从“double”到“HPDF_REAL”截断
     1>sswPDFLib.cpp(644): warning C4244: “参数”: 从“int”转换到“HPDF_REAL”，可能丢失数据
     1>sswPDFLib.cpp(644): warning C4244: “参数”: 从“int”转换到“HPDF_REAL”，可能丢失数据
     1>sswPDFLib.cpp(644): warning C4244: “参数”: 从“int”转换到“HPDF_REAL”，可能丢失数据
     1>sswPDFLib.cpp(644): warning C4244: “参数”: 从“int”转换到“HPDF_REAL”，可能丢失数据
     1>sswPDFLib.cpp(645): warning C4244: “参数”: 从“int”转换到“HPDF_REAL”，可能丢失数据
     1>sswPDFLib.cpp(645): warning C4244: “参数”: 从“int”转换到“HPDF_REAL”，可能丢失数据
     1>sswPDFLib.cpp(645): warning C4244: “参数”: 从“int”转换到“HPDF_REAL”，可能丢失数据
     1>sswPDFLib.cpp(645): warning C4244: “参数”: 从“int”转换到“HPDF_REAL”，可能丢失数据
     1>sswPDFLib.cpp(646): warning C4244: “参数”: 从“int”转换到“HPDF_REAL”，可能丢失数据
     1>sswPDFLib.cpp(646): warning C4244: “参数”: 从“int”转换到“HPDF_REAL”，可能丢失数据
     1>sswPDFLib.cpp(646): warning C4244: “参数”: 从“int”转换到“HPDF_REAL”，可能丢失数据
     1>sswPDFLib.cpp(646): warning C4244: “参数”: 从“int”转换到“HPDF_REAL”，可能丢失数据
     1>sswPDFLib.cpp(647): warning C4244: “参数”: 从“int”转换到“HPDF_REAL”，可能丢失数据
     1>sswPDFLib.cpp(647): warning C4244: “参数”: 从“int”转换到“HPDF_REAL”，可能丢失数据
     1>sswPDFLib.cpp(647): warning C4244: “参数”: 从“int”转换到“HPDF_REAL”，可能丢失数据
     1>sswPDFLib.cpp(647): warning C4244: “参数”: 从“int”转换到“HPDF_REAL”，可能丢失数据
     1>sswPDFLib.cpp(674): warning C4244: “初始化”: 从“float”转换到“int”，可能丢失数据
     1>sswPDFLib.cpp(675): warning C4996: 'sprintf': This function or variable may be unsafe. Consider using sprintf_s instead. To disable deprecation, use _CRT_SECURE_NO_WARNINGS. See online help for details.
                 C:\Program Files (x86)\Microsoft Visual Studio 10.0\VC\include\stdio.h(371) : 参见“sprintf”的声明
     1>sswPDFLib.cpp(676): warning C4244: “初始化”: 从“float”转换到“int”，可能丢失数据
     1>sswPDFLib.cpp(681): warning C4244: “=”: 从“int”转换到“float”，可能丢失数据
     1>sswPDFLib.cpp(681): warning C4244: “=”: 从“int”转换到“float”，可能丢失数据
     1>sswPDFLib.cpp(682): warning C4244: “=”: 从“int”转换到“float”，可能丢失数据
     1>sswPDFLib.cpp(682): warning C4244: “=”: 从“int”转换到“float”，可能丢失数据
     1>sswPDFLib.cpp(683): warning C4305: “参数”: 从“double”到“HPDF_REAL”截断
     1>sswPDFLib.cpp(684): warning C4305: “参数”: 从“double”到“HPDF_REAL”截断
     1>sswPDFLib.cpp(705): warning C4996: 'sprintf': This function or variable may be unsafe. Consider using sprintf_s instead. To disable deprecation, use _CRT_SECURE_NO_WARNINGS. See online help for details.
                 C:\Program Files (x86)\Microsoft Visual Studio 10.0\VC\include\stdio.h(371) : 参见“sprintf”的声明
     1>sswPDFLib.cpp(706): warning C4244: “初始化”: 从“HPDF_REAL”转换到“int”，可能丢失数据
     1>sswPDFLib.cpp(708): warning C4244: “=”: 从“int”转换到“float”，可能丢失数据
     1>sswPDFLib.cpp(708): warning C4244: “=”: 从“int”转换到“float”，可能丢失数据
     1>sswPDFLib.cpp(709): warning C4244: “=”: 从“int”转换到“float”，可能丢失数据
     1>sswPDFLib.cpp(709): warning C4244: “=”: 从“int”转换到“float”，可能丢失数据
     1>sswPDFLib.cpp(710): warning C4305: “参数”: 从“double”到“HPDF_REAL”截断
     1>sswPDFLib.cpp(711): warning C4305: “参数”: 从“double”到“HPDF_REAL”截断
     1>sswPDFLib.cpp(723): warning C4244: “初始化”: 从“float”转换到“int”，可能丢失数据
     1>sswPDFLib.cpp(725): warning C4996: 'sprintf': This function or variable may be unsafe. Consider using sprintf_s instead. To disable deprecation, use _CRT_SECURE_NO_WARNINGS. See online help for details.
                 C:\Program Files (x86)\Microsoft Visual Studio 10.0\VC\include\stdio.h(371) : 参见“sprintf”的声明
     1>sswPDFLib.cpp(726): warning C4244: “初始化”: 从“HPDF_REAL”转换到“int”，可能丢失数据
     1>sswPDFLib.cpp(730): warning C4244: “=”: 从“int”转换到“float”，可能丢失数据
     1>sswPDFLib.cpp(730): warning C4244: “=”: 从“int”转换到“float”，可能丢失数据
     1>sswPDFLib.cpp(731): warning C4244: “=”: 从“int”转换到“float”，可能丢失数据
     1>sswPDFLib.cpp(731): warning C4244: “=”: 从“int”转换到“float”，可能丢失数据
     1>sswPDFLib.cpp(732): warning C4305: “参数”: 从“double”到“HPDF_REAL”截断
     1>sswPDFLib.cpp(733): warning C4305: “参数”: 从“double”到“HPDF_REAL”截断
     1>sswPDFLib.cpp(742): warning C4244: “参数”: 从“HPDF_REAL”转换到“int”，可能丢失数据
     1>sswPDFLib.cpp(583): warning C4101: “nPosYTitle”: 未引用的局部变量
     1>c:\users\administrator\desktop\wx\ssw\ssw\libharu\pdflib\sswpdflib\sswpdflib.cpp(100): warning C4715: “CreateDirectoryTree”: 不是所有的控件路径都返回值
     1>c:\users\administrator\desktop\wx\ssw\ssw\libharu\pdflib\sswpdflib\sswpdflib.cpp(745): warning C4715: “CsswPdf::AddChart”: 不是所有的控件路径都返回值
       ManifestResourceCompile:
         C:\Program Files (x86)\Microsoft SDKs\Windows\v7.0A\bin\rc.exe /nologo /fo"Debug\sswPDFLib.dll.embed.manifest.res" Debug\sswPDFLib_manifest.rc 
       Link:
         C:\Program Files (x86)\Microsoft Visual Studio 10.0\VC\bin\x86_amd64\link.exe /ERRORREPORT:PROMPT /OUT:"C:\Users\Administrator\Desktop\wx\ssw\ssw\Bin\Debug\x64\sswPDFLib.dll" /INCREMENTAL /NOLOGO /LIBPATH:C:\Users\Administrator\Desktop\wx\ssw\ssw\Lib\Debug\x64\ kernel32.lib user32.lib gdi32.lib winspool.lib comdlg32.lib advapi32.lib shell32.lib ole32.lib oleaut32.lib uuid.lib odbc32.lib odbccp32.lib kernel32.lib user32.lib gdi32.lib winspool.lib comdlg32.lib advapi32.lib shell32.lib ole32.lib oleaut32.lib uuid.lib odbc32.lib odbccp32.lib /MANIFEST /ManifestFile:"Debug\sswPDFLib.dll.intermediate.manifest" /MANIFESTUAC:"level='asInvoker' uiAccess='false'" /DEBUG /PDB:"C:\Users\Administrator\Desktop\wx\ssw\ssw\Bin\Debug\x64\sswPDFLib.pdb" /SUBSYSTEM:WINDOWS /TLBID:1 /DYNAMICBASE /NXCOMPAT /IMPLIB:"C:\Users\Administrator\Desktop\wx\ssw\ssw\lib\Debug\x64\sswPDFLib.lib" /MACHINE:X64 /DLL Debug\sswPDFLib.dll.embed.manifest.res
         Debug\sswPDFLib.obj
         Debug\stdafx.obj
            正在创建库 C:\Users\Administrator\Desktop\wx\ssw\ssw\lib\Debug\x64\sswPDFLib.lib 和对象 C:\Users\Administrator\Desktop\wx\ssw\ssw\lib\Debug\x64\sswPDFLib.exp
     1>LINK : warning LNK4098: 默认库“LIBCMTD”与其他库的使用冲突；请使用 /NODEFAULTLIB:library
     1>libharu.lib(hpdf_3dmeasure.obj) : warning LNK4099: 未找到 PDB“vc100.pdb”(使用“libharu.lib(hpdf_3dmeasure.obj)”或在“C:\Users\Administrator\Desktop\wx\ssw\ssw\Bin\Debug\x64\vc100.pdb”中寻找)；正在链接对象，如同没有调试信息一样
     1>libharu.lib(hpdf_annotation.obj) : warning LNK4099: 未找到 PDB“vc100.pdb”(使用“libharu.lib(hpdf_annotation.obj)”或在“C:\Users\Administrator\Desktop\wx\ssw\ssw\Bin\Debug\x64\vc100.pdb”中寻找)；正在链接对象，如同没有调试信息一样
     1>libharu.lib(hpdf_array.obj) : warning LNK4099: 未找到 PDB“vc100.pdb”(使用“libharu.lib(hpdf_array.obj)”或在“C:\Users\Administrator\Desktop\wx\ssw\ssw\Bin\Debug\x64\vc100.pdb”中寻找)；正在链接对象，如同没有调试信息一样
     1>libharu.lib(hpdf_binary.obj) : warning LNK4099: 未找到 PDB“vc100.pdb”(使用“libharu.lib(hpdf_binary.obj)”或在“C:\Users\Administrator\Desktop\wx\ssw\ssw\Bin\Debug\x64\vc100.pdb”中寻找)；正在链接对象，如同没有调试信息一样
     1>libharu.lib(hpdf_boolean.obj) : warning LNK4099: 未找到 PDB“vc100.pdb”(使用“libharu.lib(hpdf_boolean.obj)”或在“C:\Users\Administrator\Desktop\wx\ssw\ssw\Bin\Debug\x64\vc100.pdb”中寻找)；正在链接对象，如同没有调试信息一样
     1>libharu.lib(hpdf_catalog.obj) : warning LNK4099: 未找到 PDB“vc100.pdb”(使用“libharu.lib(hpdf_catalog.obj)”或在“C:\Users\Administrator\Desktop\wx\ssw\ssw\Bin\Debug\x64\vc100.pdb”中寻找)；正在链接对象，如同没有调试信息一样
     1>libharu.lib(hpdf_destination.obj) : warning LNK4099: 未找到 PDB“vc100.pdb”(使用“libharu.lib(hpdf_destination.obj)”或在“C:\Users\Administrator\Desktop\wx\ssw\ssw\Bin\Debug\x64\vc100.pdb”中寻找)；正在链接对象，如同没有调试信息一样
     1>libharu.lib(hpdf_dict.obj) : warning LNK4099: 未找到 PDB“vc100.pdb”(使用“libharu.lib(hpdf_dict.obj)”或在“C:\Users\Administrator\Desktop\wx\ssw\ssw\Bin\Debug\x64\vc100.pdb”中寻找)；正在链接对象，如同没有调试信息一样
     1>libharu.lib(hpdf_doc.obj) : warning LNK4099: 未找到 PDB“vc100.pdb”(使用“libharu.lib(hpdf_doc.obj)”或在“C:\Users\Administrator\Desktop\wx\ssw\ssw\Bin\Debug\x64\vc100.pdb”中寻找)；正在链接对象，如同没有调试信息一样
     1>libharu.lib(hpdf_doc_png.obj) : warning LNK4099: 未找到 PDB“vc100.pdb”(使用“libharu.lib(hpdf_doc_png.obj)”或在“C:\Users\Administrator\Desktop\wx\ssw\ssw\Bin\Debug\x64\vc100.pdb”中寻找)；正在链接对象，如同没有调试信息一样
     1>libharu.lib(hpdf_encoder.obj) : warning LNK4099: 未找到 PDB“vc100.pdb”(使用“libharu.lib(hpdf_encoder.obj)”或在“C:\Users\Administrator\Desktop\wx\ssw\ssw\Bin\Debug\x64\vc100.pdb”中寻找)；正在链接对象，如同没有调试信息一样
     1>libharu.lib(hpdf_encoder_cns.obj) : warning LNK4099: 未找到 PDB“vc100.pdb”(使用“libharu.lib(hpdf_encoder_cns.obj)”或在“C:\Users\Administrator\Desktop\wx\ssw\ssw\Bin\Debug\x64\vc100.pdb”中寻找)；正在链接对象，如同没有调试信息一样
     1>libharu.lib(hpdf_encoder_cnt.obj) : warning LNK4099: 未找到 PDB“vc100.pdb”(使用“libharu.lib(hpdf_encoder_cnt.obj)”或在“C:\Users\Administrator\Desktop\wx\ssw\ssw\Bin\Debug\x64\vc100.pdb”中寻找)；正在链接对象，如同没有调试信息一样
     1>libharu.lib(hpdf_encrypt.obj) : warning LNK4099: 未找到 PDB“vc100.pdb”(使用“libharu.lib(hpdf_encrypt.obj)”或在“C:\Users\Administrator\Desktop\wx\ssw\ssw\Bin\Debug\x64\vc100.pdb”中寻找)；正在链接对象，如同没有调试信息一样
     1>libharu.lib(hpdf_encryptdict.obj) : warning LNK4099: 未找到 PDB“vc100.pdb”(使用“libharu.lib(hpdf_encryptdict.obj)”或在“C:\Users\Administrator\Desktop\wx\ssw\ssw\Bin\Debug\x64\vc100.pdb”中寻找)；正在链接对象，如同没有调试信息一样
     1>libharu.lib(hpdf_error.obj) : warning LNK4099: 未找到 PDB“vc100.pdb”(使用“libharu.lib(hpdf_error.obj)”或在“C:\Users\Administrator\Desktop\wx\ssw\ssw\Bin\Debug\x64\vc100.pdb”中寻找)；正在链接对象，如同没有调试信息一样
     1>libharu.lib(hpdf_exdata.obj) : warning LNK4099: 未找到 PDB“vc100.pdb”(使用“libharu.lib(hpdf_exdata.obj)”或在“C:\Users\Administrator\Desktop\wx\ssw\ssw\Bin\Debug\x64\vc100.pdb”中寻找)；正在链接对象，如同没有调试信息一样
     1>libharu.lib(hpdf_ext_gstate.obj) : warning LNK4099: 未找到 PDB“vc100.pdb”(使用“libharu.lib(hpdf_ext_gstate.obj)”或在“C:\Users\Administrator\Desktop\wx\ssw\ssw\Bin\Debug\x64\vc100.pdb”中寻找)；正在链接对象，如同没有调试信息一样
     1>libharu.lib(hpdf_font.obj) : warning LNK4099: 未找到 PDB“vc100.pdb”(使用“libharu.lib(hpdf_font.obj)”或在“C:\Users\Administrator\Desktop\wx\ssw\ssw\Bin\Debug\x64\vc100.pdb”中寻找)；正在链接对象，如同没有调试信息一样
     1>libharu.lib(hpdf_font_cid.obj) : warning LNK4099: 未找到 PDB“vc100.pdb”(使用“libharu.lib(hpdf_font_cid.obj)”或在“C:\Users\Administrator\Desktop\wx\ssw\ssw\Bin\Debug\x64\vc100.pdb”中寻找)；正在链接对象，如同没有调试信息一样
     1>libharu.lib(hpdf_font_tt.obj) : warning LNK4099: 未找到 PDB“vc100.pdb”(使用“libharu.lib(hpdf_font_tt.obj)”或在“C:\Users\Administrator\Desktop\wx\ssw\ssw\Bin\Debug\x64\vc100.pdb”中寻找)；正在链接对象，如同没有调试信息一样
     1>libharu.lib(hpdf_font_type1.obj) : warning LNK4099: 未找到 PDB“vc100.pdb”(使用“libharu.lib(hpdf_font_type1.obj)”或在“C:\Users\Administrator\Desktop\wx\ssw\ssw\Bin\Debug\x64\vc100.pdb”中寻找)；正在链接对象，如同没有调试信息一样
     1>libharu.lib(hpdf_fontdef.obj) : warning LNK4099: 未找到 PDB“vc100.pdb”(使用“libharu.lib(hpdf_fontdef.obj)”或在“C:\Users\Administrator\Desktop\wx\ssw\ssw\Bin\Debug\x64\vc100.pdb”中寻找)；正在链接对象，如同没有调试信息一样
     1>libharu.lib(hpdf_fontdef_base14.obj) : warning LNK4099: 未找到 PDB“vc100.pdb”(使用“libharu.lib(hpdf_fontdef_base14.obj)”或在“C:\Users\Administrator\Desktop\wx\ssw\ssw\Bin\Debug\x64\vc100.pdb”中寻找)；正在链接对象，如同没有调试信息一样
     1>libharu.lib(hpdf_fontdef_cid.obj) : warning LNK4099: 未找到 PDB“vc100.pdb”(使用“libharu.lib(hpdf_fontdef_cid.obj)”或在“C:\Users\Administrator\Desktop\wx\ssw\ssw\Bin\Debug\x64\vc100.pdb”中寻找)；正在链接对象，如同没有调试信息一样
     1>libharu.lib(hpdf_fontdef_cns.obj) : warning LNK4099: 未找到 PDB“vc100.pdb”(使用“libharu.lib(hpdf_fontdef_cns.obj)”或在“C:\Users\Administrator\Desktop\wx\ssw\ssw\Bin\Debug\x64\vc100.pdb”中寻找)；正在链接对象，如同没有调试信息一样
     1>libharu.lib(hpdf_fontdef_cnt.obj) : warning LNK4099: 未找到 PDB“vc100.pdb”(使用“libharu.lib(hpdf_fontdef_cnt.obj)”或在“C:\Users\Administrator\Desktop\wx\ssw\ssw\Bin\Debug\x64\vc100.pdb”中寻找)；正在链接对象，如同没有调试信息一样
     1>libharu.lib(hpdf_fontdef_tt.obj) : warning LNK4099: 未找到 PDB“vc100.pdb”(使用“libharu.lib(hpdf_fontdef_tt.obj)”或在“C:\Users\Administrator\Desktop\wx\ssw\ssw\Bin\Debug\x64\vc100.pdb”中寻找)；正在链接对象，如同没有调试信息一样
     1>libharu.lib(hpdf_fontdef_type1.obj) : warning LNK4099: 未找到 PDB“vc100.pdb”(使用“libharu.lib(hpdf_fontdef_type1.obj)”或在“C:\Users\Administrator\Desktop\wx\ssw\ssw\Bin\Debug\x64\vc100.pdb”中寻找)；正在链接对象，如同没有调试信息一样
     1>libharu.lib(hpdf_gstate.obj) : warning LNK4099: 未找到 PDB“vc100.pdb”(使用“libharu.lib(hpdf_gstate.obj)”或在“C:\Users\Administrator\Desktop\wx\ssw\ssw\Bin\Debug\x64\vc100.pdb”中寻找)；正在链接对象，如同没有调试信息一样
     1>libharu.lib(hpdf_image.obj) : warning LNK4099: 未找到 PDB“vc100.pdb”(使用“libharu.lib(hpdf_image.obj)”或在“C:\Users\Administrator\Desktop\wx\ssw\ssw\Bin\Debug\x64\vc100.pdb”中寻找)；正在链接对象，如同没有调试信息一样
     1>libharu.lib(hpdf_image_ccitt.obj) : warning LNK4099: 未找到 PDB“vc100.pdb”(使用“libharu.lib(hpdf_image_ccitt.obj)”或在“C:\Users\Administrator\Desktop\wx\ssw\ssw\Bin\Debug\x64\vc100.pdb”中寻找)；正在链接对象，如同没有调试信息一样
     1>libharu.lib(hpdf_image_png.obj) : warning LNK4099: 未找到 PDB“vc100.pdb”(使用“libharu.lib(hpdf_image_png.obj)”或在“C:\Users\Administrator\Desktop\wx\ssw\ssw\Bin\Debug\x64\vc100.pdb”中寻找)；正在链接对象，如同没有调试信息一样
     1>libharu.lib(hpdf_info.obj) : warning LNK4099: 未找到 PDB“vc100.pdb”(使用“libharu.lib(hpdf_info.obj)”或在“C:\Users\Administrator\Desktop\wx\ssw\ssw\Bin\Debug\x64\vc100.pdb”中寻找)；正在链接对象，如同没有调试信息一样
     1>libharu.lib(hpdf_list.obj) : warning LNK4099: 未找到 PDB“vc100.pdb”(使用“libharu.lib(hpdf_list.obj)”或在“C:\Users\Administrator\Desktop\wx\ssw\ssw\Bin\Debug\x64\vc100.pdb”中寻找)；正在链接对象，如同没有调试信息一样
     1>libharu.lib(hpdf_mmgr.obj) : warning LNK4099: 未找到 PDB“vc100.pdb”(使用“libharu.lib(hpdf_mmgr.obj)”或在“C:\Users\Administrator\Desktop\wx\ssw\ssw\Bin\Debug\x64\vc100.pdb”中寻找)；正在链接对象，如同没有调试信息一样
     1>libharu.lib(hpdf_name.obj) : warning LNK4099: 未找到 PDB“vc100.pdb”(使用“libharu.lib(hpdf_name.obj)”或在“C:\Users\Administrator\Desktop\wx\ssw\ssw\Bin\Debug\x64\vc100.pdb”中寻找)；正在链接对象，如同没有调试信息一样
     1>libharu.lib(hpdf_namedict.obj) : warning LNK4099: 未找到 PDB“vc100.pdb”(使用“libharu.lib(hpdf_namedict.obj)”或在“C:\Users\Administrator\Desktop\wx\ssw\ssw\Bin\Debug\x64\vc100.pdb”中寻找)；正在链接对象，如同没有调试信息一样
     1>libharu.lib(hpdf_null.obj) : warning LNK4099: 未找到 PDB“vc100.pdb”(使用“libharu.lib(hpdf_null.obj)”或在“C:\Users\Administrator\Desktop\wx\ssw\ssw\Bin\Debug\x64\vc100.pdb”中寻找)；正在链接对象，如同没有调试信息一样
     1>libharu.lib(hpdf_number.obj) : warning LNK4099: 未找到 PDB“vc100.pdb”(使用“libharu.lib(hpdf_number.obj)”或在“C:\Users\Administrator\Desktop\wx\ssw\ssw\Bin\Debug\x64\vc100.pdb”中寻找)；正在链接对象，如同没有调试信息一样
     1>libharu.lib(hpdf_objects.obj) : warning LNK4099: 未找到 PDB“vc100.pdb”(使用“libharu.lib(hpdf_objects.obj)”或在“C:\Users\Administrator\Desktop\wx\ssw\ssw\Bin\Debug\x64\vc100.pdb”中寻找)；正在链接对象，如同没有调试信息一样
     1>libharu.lib(hpdf_outline.obj) : warning LNK4099: 未找到 PDB“vc100.pdb”(使用“libharu.lib(hpdf_outline.obj)”或在“C:\Users\Administrator\Desktop\wx\ssw\ssw\Bin\Debug\x64\vc100.pdb”中寻找)；正在链接对象，如同没有调试信息一样
     1>libharu.lib(hpdf_page_label.obj) : warning LNK4099: 未找到 PDB“vc100.pdb”(使用“libharu.lib(hpdf_page_label.obj)”或在“C:\Users\Administrator\Desktop\wx\ssw\ssw\Bin\Debug\x64\vc100.pdb”中寻找)；正在链接对象，如同没有调试信息一样
     1>libharu.lib(hpdf_page_operator.obj) : warning LNK4099: 未找到 PDB“vc100.pdb”(使用“libharu.lib(hpdf_page_operator.obj)”或在“C:\Users\Administrator\Desktop\wx\ssw\ssw\Bin\Debug\x64\vc100.pdb”中寻找)；正在链接对象，如同没有调试信息一样
     1>libharu.lib(hpdf_pages.obj) : warning LNK4099: 未找到 PDB“vc100.pdb”(使用“libharu.lib(hpdf_pages.obj)”或在“C:\Users\Administrator\Desktop\wx\ssw\ssw\Bin\Debug\x64\vc100.pdb”中寻找)；正在链接对象，如同没有调试信息一样
     1>libharu.lib(hpdf_real.obj) : warning LNK4099: 未找到 PDB“vc100.pdb”(使用“libharu.lib(hpdf_real.obj)”或在“C:\Users\Administrator\Desktop\wx\ssw\ssw\Bin\Debug\x64\vc100.pdb”中寻找)；正在链接对象，如同没有调试信息一样
     1>libharu.lib(hpdf_streams.obj) : warning LNK4099: 未找到 PDB“vc100.pdb”(使用“libharu.lib(hpdf_streams.obj)”或在“C:\Users\Administrator\Desktop\wx\ssw\ssw\Bin\Debug\x64\vc100.pdb”中寻找)；正在链接对象，如同没有调试信息一样
     1>libharu.lib(hpdf_string.obj) : warning LNK4099: 未找到 PDB“vc100.pdb”(使用“libharu.lib(hpdf_string.obj)”或在“C:\Users\Administrator\Desktop\wx\ssw\ssw\Bin\Debug\x64\vc100.pdb”中寻找)；正在链接对象，如同没有调试信息一样
     1>libharu.lib(hpdf_u3d.obj) : warning LNK4099: 未找到 PDB“vc100.pdb”(使用“libharu.lib(hpdf_u3d.obj)”或在“C:\Users\Administrator\Desktop\wx\ssw\ssw\Bin\Debug\x64\vc100.pdb”中寻找)；正在链接对象，如同没有调试信息一样
     1>libharu.lib(hpdf_utils.obj) : warning LNK4099: 未找到 PDB“vc100.pdb”(使用“libharu.lib(hpdf_utils.obj)”或在“C:\Users\Administrator\Desktop\wx\ssw\ssw\Bin\Debug\x64\vc100.pdb”中寻找)；正在链接对象，如同没有调试信息一样
     1>libharu.lib(hpdf_xref.obj) : warning LNK4099: 未找到 PDB“vc100.pdb”(使用“libharu.lib(hpdf_xref.obj)”或在“C:\Users\Administrator\Desktop\wx\ssw\ssw\Bin\Debug\x64\vc100.pdb”中寻找)；正在链接对象，如同没有调试信息一样
         sswPDFLib.vcxproj -> C:\Users\Administrator\Desktop\wx\ssw\ssw\Bin\Debug\x64\sswPDFLib.dll
       Manifest:
         正在删除文件“Debug\sswPDFLib.dll.embed.manifest”。
         C:\Program Files (x86)\Microsoft SDKs\Windows\v7.0A\bin\mt.exe /nologo /verbose /out:"Debug\sswPDFLib.dll.embed.manifest" /manifest Debug\sswPDFLib.dll.intermediate.manifest
         C:\Program Files (x86)\Microsoft SDKs\Windows\v7.0A\bin\rc.exe /nologo /fo"Debug\sswPDFLib.dll.embed.manifest.res" Debug\sswPDFLib_manifest.rc 
       LinkEmbedManifest:
         C:\Program Files (x86)\Microsoft Visual Studio 10.0\VC\bin\x86_amd64\link.exe /ERRORREPORT:PROMPT /OUT:"C:\Users\Administrator\Desktop\wx\ssw\ssw\Bin\Debug\x64\sswPDFLib.dll" /INCREMENTAL /NOLOGO /LIBPATH:C:\Users\Administrator\Desktop\wx\ssw\ssw\Lib\Debug\x64\ kernel32.lib user32.lib gdi32.lib winspool.lib comdlg32.lib advapi32.lib shell32.lib ole32.lib oleaut32.lib uuid.lib odbc32.lib odbccp32.lib kernel32.lib user32.lib gdi32.lib winspool.lib comdlg32.lib advapi32.lib shell32.lib ole32.lib oleaut32.lib uuid.lib odbc32.lib odbccp32.lib /MANIFEST /ManifestFile:"Debug\sswPDFLib.dll.intermediate.manifest" /MANIFESTUAC:"level='asInvoker' uiAccess='false'" /DEBUG /PDB:"C:\Users\Administrator\Desktop\wx\ssw\ssw\Bin\Debug\x64\sswPDFLib.pdb" /SUBSYSTEM:WINDOWS /TLBID:1 /DYNAMICBASE /NXCOMPAT /IMPLIB:"C:\Users\Administrator\Desktop\wx\ssw\ssw\lib\Debug\x64\sswPDFLib.lib" /MACHINE:X64 /DLL Debug\sswPDFLib.dll.embed.manifest.res
         Debug\sswPDFLib.obj
         Debug\stdafx.obj
            正在创建库 C:\Users\Administrator\Desktop\wx\ssw\ssw\lib\Debug\x64\sswPDFLib.lib 和对象 C:\Users\Administrator\Desktop\wx\ssw\ssw\lib\Debug\x64\sswPDFLib.exp
     1>LINK : warning LNK4098: 默认库“LIBCMTD”与其他库的使用冲突；请使用 /NODEFAULTLIB:library
     1>libharu.lib(hpdf_3dmeasure.obj) : warning LNK4099: 未找到 PDB“vc100.pdb”(使用“libharu.lib(hpdf_3dmeasure.obj)”或在“C:\Users\Administrator\Desktop\wx\ssw\ssw\Bin\Debug\x64\vc100.pdb”中寻找)；正在链接对象，如同没有调试信息一样
     1>libharu.lib(hpdf_annotation.obj) : warning LNK4099: 未找到 PDB“vc100.pdb”(使用“libharu.lib(hpdf_annotation.obj)”或在“C:\Users\Administrator\Desktop\wx\ssw\ssw\Bin\Debug\x64\vc100.pdb”中寻找)；正在链接对象，如同没有调试信息一样
     1>libharu.lib(hpdf_array.obj) : warning LNK4099: 未找到 PDB“vc100.pdb”(使用“libharu.lib(hpdf_array.obj)”或在“C:\Users\Administrator\Desktop\wx\ssw\ssw\Bin\Debug\x64\vc100.pdb”中寻找)；正在链接对象，如同没有调试信息一样
     1>libharu.lib(hpdf_binary.obj) : warning LNK4099: 未找到 PDB“vc100.pdb”(使用“libharu.lib(hpdf_binary.obj)”或在“C:\Users\Administrator\Desktop\wx\ssw\ssw\Bin\Debug\x64\vc100.pdb”中寻找)；正在链接对象，如同没有调试信息一样
     1>libharu.lib(hpdf_boolean.obj) : warning LNK4099: 未找到 PDB“vc100.pdb”(使用“libharu.lib(hpdf_boolean.obj)”或在“C:\Users\Administrator\Desktop\wx\ssw\ssw\Bin\Debug\x64\vc100.pdb”中寻找)；正在链接对象，如同没有调试信息一样
     1>libharu.lib(hpdf_catalog.obj) : warning LNK4099: 未找到 PDB“vc100.pdb”(使用“libharu.lib(hpdf_catalog.obj)”或在“C:\Users\Administrator\Desktop\wx\ssw\ssw\Bin\Debug\x64\vc100.pdb”中寻找)；正在链接对象，如同没有调试信息一样
     1>libharu.lib(hpdf_destination.obj) : warning LNK4099: 未找到 PDB“vc100.pdb”(使用“libharu.lib(hpdf_destination.obj)”或在“C:\Users\Administrator\Desktop\wx\ssw\ssw\Bin\Debug\x64\vc100.pdb”中寻找)；正在链接对象，如同没有调试信息一样
     1>libharu.lib(hpdf_dict.obj) : warning LNK4099: 未找到 PDB“vc100.pdb”(使用“libharu.lib(hpdf_dict.obj)”或在“C:\Users\Administrator\Desktop\wx\ssw\ssw\Bin\Debug\x64\vc100.pdb”中寻找)；正在链接对象，如同没有调试信息一样
     1>libharu.lib(hpdf_doc.obj) : warning LNK4099: 未找到 PDB“vc100.pdb”(使用“libharu.lib(hpdf_doc.obj)”或在“C:\Users\Administrator\Desktop\wx\ssw\ssw\Bin\Debug\x64\vc100.pdb”中寻找)；正在链接对象，如同没有调试信息一样
     1>libharu.lib(hpdf_doc_png.obj) : warning LNK4099: 未找到 PDB“vc100.pdb”(使用“libharu.lib(hpdf_doc_png.obj)”或在“C:\Users\Administrator\Desktop\wx\ssw\ssw\Bin\Debug\x64\vc100.pdb”中寻找)；正在链接对象，如同没有调试信息一样
     1>libharu.lib(hpdf_encoder.obj) : warning LNK4099: 未找到 PDB“vc100.pdb”(使用“libharu.lib(hpdf_encoder.obj)”或在“C:\Users\Administrator\Desktop\wx\ssw\ssw\Bin\Debug\x64\vc100.pdb”中寻找)；正在链接对象，如同没有调试信息一样
     1>libharu.lib(hpdf_encoder_cns.obj) : warning LNK4099: 未找到 PDB“vc100.pdb”(使用“libharu.lib(hpdf_encoder_cns.obj)”或在“C:\Users\Administrator\Desktop\wx\ssw\ssw\Bin\Debug\x64\vc100.pdb”中寻找)；正在链接对象，如同没有调试信息一样
     1>libharu.lib(hpdf_encoder_cnt.obj) : warning LNK4099: 未找到 PDB“vc100.pdb”(使用“libharu.lib(hpdf_encoder_cnt.obj)”或在“C:\Users\Administrator\Desktop\wx\ssw\ssw\Bin\Debug\x64\vc100.pdb”中寻找)；正在链接对象，如同没有调试信息一样
     1>libharu.lib(hpdf_encrypt.obj) : warning LNK4099: 未找到 PDB“vc100.pdb”(使用“libharu.lib(hpdf_encrypt.obj)”或在“C:\Users\Administrator\Desktop\wx\ssw\ssw\Bin\Debug\x64\vc100.pdb”中寻找)；正在链接对象，如同没有调试信息一样
     1>libharu.lib(hpdf_encryptdict.obj) : warning LNK4099: 未找到 PDB“vc100.pdb”(使用“libharu.lib(hpdf_encryptdict.obj)”或在“C:\Users\Administrator\Desktop\wx\ssw\ssw\Bin\Debug\x64\vc100.pdb”中寻找)；正在链接对象，如同没有调试信息一样
     1>libharu.lib(hpdf_error.obj) : warning LNK4099: 未找到 PDB“vc100.pdb”(使用“libharu.lib(hpdf_error.obj)”或在“C:\Users\Administrator\Desktop\wx\ssw\ssw\Bin\Debug\x64\vc100.pdb”中寻找)；正在链接对象，如同没有调试信息一样
     1>libharu.lib(hpdf_exdata.obj) : warning LNK4099: 未找到 PDB“vc100.pdb”(使用“libharu.lib(hpdf_exdata.obj)”或在“C:\Users\Administrator\Desktop\wx\ssw\ssw\Bin\Debug\x64\vc100.pdb”中寻找)；正在链接对象，如同没有调试信息一样
     1>libharu.lib(hpdf_ext_gstate.obj) : warning LNK4099: 未找到 PDB“vc100.pdb”(使用“libharu.lib(hpdf_ext_gstate.obj)”或在“C:\Users\Administrator\Desktop\wx\ssw\ssw\Bin\Debug\x64\vc100.pdb”中寻找)；正在链接对象，如同没有调试信息一样
     1>libharu.lib(hpdf_font.obj) : warning LNK4099: 未找到 PDB“vc100.pdb”(使用“libharu.lib(hpdf_font.obj)”或在“C:\Users\Administrator\Desktop\wx\ssw\ssw\Bin\Debug\x64\vc100.pdb”中寻找)；正在链接对象，如同没有调试信息一样
     1>libharu.lib(hpdf_font_cid.obj) : warning LNK4099: 未找到 PDB“vc100.pdb”(使用“libharu.lib(hpdf_font_cid.obj)”或在“C:\Users\Administrator\Desktop\wx\ssw\ssw\Bin\Debug\x64\vc100.pdb”中寻找)；正在链接对象，如同没有调试信息一样
     1>libharu.lib(hpdf_font_tt.obj) : warning LNK4099: 未找到 PDB“vc100.pdb”(使用“libharu.lib(hpdf_font_tt.obj)”或在“C:\Users\Administrator\Desktop\wx\ssw\ssw\Bin\Debug\x64\vc100.pdb”中寻找)；正在链接对象，如同没有调试信息一样
     1>libharu.lib(hpdf_font_type1.obj) : warning LNK4099: 未找到 PDB“vc100.pdb”(使用“libharu.lib(hpdf_font_type1.obj)”或在“C:\Users\Administrator\Desktop\wx\ssw\ssw\Bin\Debug\x64\vc100.pdb”中寻找)；正在链接对象，如同没有调试信息一样
     1>libharu.lib(hpdf_fontdef.obj) : warning LNK4099: 未找到 PDB“vc100.pdb”(使用“libharu.lib(hpdf_fontdef.obj)”或在“C:\Users\Administrator\Desktop\wx\ssw\ssw\Bin\Debug\x64\vc100.pdb”中寻找)；正在链接对象，如同没有调试信息一样
     1>libharu.lib(hpdf_fontdef_base14.obj) : warning LNK4099: 未找到 PDB“vc100.pdb”(使用“libharu.lib(hpdf_fontdef_base14.obj)”或在“C:\Users\Administrator\Desktop\wx\ssw\ssw\Bin\Debug\x64\vc100.pdb”中寻找)；正在链接对象，如同没有调试信息一样
     1>libharu.lib(hpdf_fontdef_cid.obj) : warning LNK4099: 未找到 PDB“vc100.pdb”(使用“libharu.lib(hpdf_fontdef_cid.obj)”或在“C:\Users\Administrator\Desktop\wx\ssw\ssw\Bin\Debug\x64\vc100.pdb”中寻找)；正在链接对象，如同没有调试信息一样
     1>libharu.lib(hpdf_fontdef_cns.obj) : warning LNK4099: 未找到 PDB“vc100.pdb”(使用“libharu.lib(hpdf_fontdef_cns.obj)”或在“C:\Users\Administrator\Desktop\wx\ssw\ssw\Bin\Debug\x64\vc100.pdb”中寻找)；正在链接对象，如同没有调试信息一样
     1>libharu.lib(hpdf_fontdef_cnt.obj) : warning LNK4099: 未找到 PDB“vc100.pdb”(使用“libharu.lib(hpdf_fontdef_cnt.obj)”或在“C:\Users\Administrator\Desktop\wx\ssw\ssw\Bin\Debug\x64\vc100.pdb”中寻找)；正在链接对象，如同没有调试信息一样
     1>libharu.lib(hpdf_fontdef_tt.obj) : warning LNK4099: 未找到 PDB“vc100.pdb”(使用“libharu.lib(hpdf_fontdef_tt.obj)”或在“C:\Users\Administrator\Desktop\wx\ssw\ssw\Bin\Debug\x64\vc100.pdb”中寻找)；正在链接对象，如同没有调试信息一样
     1>libharu.lib(hpdf_fontdef_type1.obj) : warning LNK4099: 未找到 PDB“vc100.pdb”(使用“libharu.lib(hpdf_fontdef_type1.obj)”或在“C:\Users\Administrator\Desktop\wx\ssw\ssw\Bin\Debug\x64\vc100.pdb”中寻找)；正在链接对象，如同没有调试信息一样
     1>libharu.lib(hpdf_gstate.obj) : warning LNK4099: 未找到 PDB“vc100.pdb”(使用“libharu.lib(hpdf_gstate.obj)”或在“C:\Users\Administrator\Desktop\wx\ssw\ssw\Bin\Debug\x64\vc100.pdb”中寻找)；正在链接对象，如同没有调试信息一样
     1>libharu.lib(hpdf_image.obj) : warning LNK4099: 未找到 PDB“vc100.pdb”(使用“libharu.lib(hpdf_image.obj)”或在“C:\Users\Administrator\Desktop\wx\ssw\ssw\Bin\Debug\x64\vc100.pdb”中寻找)；正在链接对象，如同没有调试信息一样
     1>libharu.lib(hpdf_image_ccitt.obj) : warning LNK4099: 未找到 PDB“vc100.pdb”(使用“libharu.lib(hpdf_image_ccitt.obj)”或在“C:\Users\Administrator\Desktop\wx\ssw\ssw\Bin\Debug\x64\vc100.pdb”中寻找)；正在链接对象，如同没有调试信息一样
     1>libharu.lib(hpdf_image_png.obj) : warning LNK4099: 未找到 PDB“vc100.pdb”(使用“libharu.lib(hpdf_image_png.obj)”或在“C:\Users\Administrator\Desktop\wx\ssw\ssw\Bin\Debug\x64\vc100.pdb”中寻找)；正在链接对象，如同没有调试信息一样
     1>libharu.lib(hpdf_info.obj) : warning LNK4099: 未找到 PDB“vc100.pdb”(使用“libharu.lib(hpdf_info.obj)”或在“C:\Users\Administrator\Desktop\wx\ssw\ssw\Bin\Debug\x64\vc100.pdb”中寻找)；正在链接对象，如同没有调试信息一样
     1>libharu.lib(hpdf_list.obj) : warning LNK4099: 未找到 PDB“vc100.pdb”(使用“libharu.lib(hpdf_list.obj)”或在“C:\Users\Administrator\Desktop\wx\ssw\ssw\Bin\Debug\x64\vc100.pdb”中寻找)；正在链接对象，如同没有调试信息一样
     1>libharu.lib(hpdf_mmgr.obj) : warning LNK4099: 未找到 PDB“vc100.pdb”(使用“libharu.lib(hpdf_mmgr.obj)”或在“C:\Users\Administrator\Desktop\wx\ssw\ssw\Bin\Debug\x64\vc100.pdb”中寻找)；正在链接对象，如同没有调试信息一样
     1>libharu.lib(hpdf_name.obj) : warning LNK4099: 未找到 PDB“vc100.pdb”(使用“libharu.lib(hpdf_name.obj)”或在“C:\Users\Administrator\Desktop\wx\ssw\ssw\Bin\Debug\x64\vc100.pdb”中寻找)；正在链接对象，如同没有调试信息一样
     1>libharu.lib(hpdf_namedict.obj) : warning LNK4099: 未找到 PDB“vc100.pdb”(使用“libharu.lib(hpdf_namedict.obj)”或在“C:\Users\Administrator\Desktop\wx\ssw\ssw\Bin\Debug\x64\vc100.pdb”中寻找)；正在链接对象，如同没有调试信息一样
     1>libharu.lib(hpdf_null.obj) : warning LNK4099: 未找到 PDB“vc100.pdb”(使用“libharu.lib(hpdf_null.obj)”或在“C:\Users\Administrator\Desktop\wx\ssw\ssw\Bin\Debug\x64\vc100.pdb”中寻找)；正在链接对象，如同没有调试信息一样
     1>libharu.lib(hpdf_number.obj) : warning LNK4099: 未找到 PDB“vc100.pdb”(使用“libharu.lib(hpdf_number.obj)”或在“C:\Users\Administrator\Desktop\wx\ssw\ssw\Bin\Debug\x64\vc100.pdb”中寻找)；正在链接对象，如同没有调试信息一样
     1>libharu.lib(hpdf_objects.obj) : warning LNK4099: 未找到 PDB“vc100.pdb”(使用“libharu.lib(hpdf_objects.obj)”或在“C:\Users\Administrator\Desktop\wx\ssw\ssw\Bin\Debug\x64\vc100.pdb”中寻找)；正在链接对象，如同没有调试信息一样
     1>libharu.lib(hpdf_outline.obj) : warning LNK4099: 未找到 PDB“vc100.pdb”(使用“libharu.lib(hpdf_outline.obj)”或在“C:\Users\Administrator\Desktop\wx\ssw\ssw\Bin\Debug\x64\vc100.pdb”中寻找)；正在链接对象，如同没有调试信息一样
     1>libharu.lib(hpdf_page_label.obj) : warning LNK4099: 未找到 PDB“vc100.pdb”(使用“libharu.lib(hpdf_page_label.obj)”或在“C:\Users\Administrator\Desktop\wx\ssw\ssw\Bin\Debug\x64\vc100.pdb”中寻找)；正在链接对象，如同没有调试信息一样
     1>libharu.lib(hpdf_page_operator.obj) : warning LNK4099: 未找到 PDB“vc100.pdb”(使用“libharu.lib(hpdf_page_operator.obj)”或在“C:\Users\Administrator\Desktop\wx\ssw\ssw\Bin\Debug\x64\vc100.pdb”中寻找)；正在链接对象，如同没有调试信息一样
     1>libharu.lib(hpdf_pages.obj) : warning LNK4099: 未找到 PDB“vc100.pdb”(使用“libharu.lib(hpdf_pages.obj)”或在“C:\Users\Administrator\Desktop\wx\ssw\ssw\Bin\Debug\x64\vc100.pdb”中寻找)；正在链接对象，如同没有调试信息一样
     1>libharu.lib(hpdf_real.obj) : warning LNK4099: 未找到 PDB“vc100.pdb”(使用“libharu.lib(hpdf_real.obj)”或在“C:\Users\Administrator\Desktop\wx\ssw\ssw\Bin\Debug\x64\vc100.pdb”中寻找)；正在链接对象，如同没有调试信息一样
     1>libharu.lib(hpdf_streams.obj) : warning LNK4099: 未找到 PDB“vc100.pdb”(使用“libharu.lib(hpdf_streams.obj)”或在“C:\Users\Administrator\Desktop\wx\ssw\ssw\Bin\Debug\x64\vc100.pdb”中寻找)；正在链接对象，如同没有调试信息一样
     1>libharu.lib(hpdf_string.obj) : warning LNK4099: 未找到 PDB“vc100.pdb”(使用“libharu.lib(hpdf_string.obj)”或在“C:\Users\Administrator\Desktop\wx\ssw\ssw\Bin\Debug\x64\vc100.pdb”中寻找)；正在链接对象，如同没有调试信息一样
     1>libharu.lib(hpdf_u3d.obj) : warning LNK4099: 未找到 PDB“vc100.pdb”(使用“libharu.lib(hpdf_u3d.obj)”或在“C:\Users\Administrator\Desktop\wx\ssw\ssw\Bin\Debug\x64\vc100.pdb”中寻找)；正在链接对象，如同没有调试信息一样
     1>libharu.lib(hpdf_utils.obj) : warning LNK4099: 未找到 PDB“vc100.pdb”(使用“libharu.lib(hpdf_utils.obj)”或在“C:\Users\Administrator\Desktop\wx\ssw\ssw\Bin\Debug\x64\vc100.pdb”中寻找)；正在链接对象，如同没有调试信息一样
     1>libharu.lib(hpdf_xref.obj) : warning LNK4099: 未找到 PDB“vc100.pdb”(使用“libharu.lib(hpdf_xref.obj)”或在“C:\Users\Administrator\Desktop\wx\ssw\ssw\Bin\Debug\x64\vc100.pdb”中寻找)；正在链接对象，如同没有调试信息一样
         sswPDFLib.vcxproj -> C:\Users\Administrator\Desktop\wx\ssw\ssw\Bin\Debug\x64\sswPDFLib.dll
       PostBuildEvent:
         copy "C:\Users\Administrator\Desktop\wx\libharu\pdflib\sswPDFLib\sswPDFLib.h" "C:\Users\Administrator\Desktop\wx\libharu\pdflib\sswPDFtest\third\sswPDFLib.h"
         :VCEnd
         已复制         1 个文件。
       FinalizeBuildStatus:
         正在删除文件“Debug\sswPDFLib.unsuccessfulbuild”。
         正在对“Debug\sswPDFLib.lastbuildstate”执行 Touch 任务。
     1>已完成生成项目“C:\Users\Administrator\Desktop\wx\ssw\ssw\libharu\pdflib\sswPDFLib\sswPDFLib.vcxproj”(rebuild 个目标)的操作。

生成成功。

已用时间 00:00:41.13
