C:\USERS\ADMINISTRATOR\DESKTOP\WX\SSW\SSW\BIN\DEBUG\X64\SSWPDFLIB.DLL
C:\USERS\ADMINISTRATOR\DESKTOP\WX\SSW\SSW\BIN\DEBUG\X64\SSWPDFLIB.ILK
C:\USERS\ADMINISTRATOR\DESKTOP\WX\SSW\SSW\BIN\DEBUG\X64\SSWPDFLIB.PDB
C:\Users\Administrator\Desktop\wx\ssw\ssw\lib\Debug\x64\sswPDFLib.exp
C:\Users\Administrator\Desktop\wx\ssw\ssw\lib\Debug\x64\sswPDFLib.lib
C:\Users\Administrator\Desktop\wx\ssw\ssw\libharu\pdflib\sswPDFLib\Debug\cl.command.1.tlog
C:\Users\Administrator\Desktop\wx\ssw\ssw\libharu\pdflib\sswPDFLib\Debug\CL.read.1.tlog
C:\Users\Administrator\Desktop\wx\ssw\ssw\libharu\pdflib\sswPDFLib\Debug\CL.write.1.tlog
C:\Users\Administrator\Desktop\wx\ssw\ssw\libharu\pdflib\sswPDFLib\Debug\link.4308.read.1.tlog
C:\Users\Administrator\Desktop\wx\ssw\ssw\libharu\pdflib\sswPDFLib\Debug\link.4308.write.1.tlog
C:\Users\Administrator\Desktop\wx\ssw\ssw\libharu\pdflib\sswPDFLib\Debug\link.4308-cvtres.read.1.tlog
C:\Users\Administrator\Desktop\wx\ssw\ssw\libharu\pdflib\sswPDFLib\Debug\link.4308-cvtres.write.1.tlog
C:\Users\Administrator\Desktop\wx\ssw\ssw\libharu\pdflib\sswPDFLib\Debug\link.command.1.tlog
C:\Users\Administrator\Desktop\wx\ssw\ssw\libharu\pdflib\sswPDFLib\Debug\link.read.1.tlog
C:\Users\Administrator\Desktop\wx\ssw\ssw\libharu\pdflib\sswPDFLib\Debug\link.write.1.tlog
C:\Users\Administrator\Desktop\wx\ssw\ssw\libharu\pdflib\sswPDFLib\Debug\link-cvtres.read.1.tlog
C:\Users\Administrator\Desktop\wx\ssw\ssw\libharu\pdflib\sswPDFLib\Debug\link-cvtres.write.1.tlog
C:\Users\Administrator\Desktop\wx\ssw\ssw\libharu\pdflib\sswPDFLib\Debug\mt.command.1.tlog
C:\Users\Administrator\Desktop\wx\ssw\ssw\libharu\pdflib\sswPDFLib\Debug\mt.read.1.tlog
C:\Users\Administrator\Desktop\wx\ssw\ssw\libharu\pdflib\sswPDFLib\Debug\mt.write.1.tlog
C:\Users\Administrator\Desktop\wx\ssw\ssw\libharu\pdflib\sswPDFLib\Debug\rc.command.1.tlog
C:\Users\Administrator\Desktop\wx\ssw\ssw\libharu\pdflib\sswPDFLib\Debug\rc.read.1.tlog
C:\Users\Administrator\Desktop\wx\ssw\ssw\libharu\pdflib\sswPDFLib\Debug\rc.write.1.tlog
C:\USERS\ADMINISTRATOR\DESKTOP\WX\SSW\SSW\LIBHARU\PDFLIB\SSWPDFLIB\DEBUG\SSWPDFLIB.DLL.EMBED.MANIFEST
C:\USERS\ADMINISTRATOR\DESKTOP\WX\SSW\SSW\LIBHARU\PDFLIB\SSWPDFLIB\DEBUG\SSWPDFLIB.DLL.EMBED.MANIFEST.RES
C:\USERS\ADMINISTRATOR\DESKTOP\WX\SSW\SSW\LIBHARU\PDFLIB\SSWPDFLIB\DEBUG\SSWPDFLIB.DLL.INTERMEDIATE.MANIFEST
C:\USERS\ADMINISTRATOR\DESKTOP\WX\SSW\SSW\LIBHARU\PDFLIB\SSWPDFLIB\DEBUG\SSWPDFLIB.OBJ
C:\USERS\ADMINISTRATOR\DESKTOP\WX\SSW\SSW\LIBHARU\PDFLIB\SSWPDFLIB\DEBUG\SSWPDFLIB.PCH
C:\Users\Administrator\Desktop\wx\ssw\ssw\libharu\pdflib\sswPDFLib\Debug\sswPDFLib.write.1.tlog
C:\Users\Administrator\Desktop\wx\ssw\ssw\libharu\pdflib\sswPDFLib\Debug\sswPDFLib_manifest.rc
C:\USERS\ADMINISTRATOR\DESKTOP\WX\SSW\SSW\LIBHARU\PDFLIB\SSWPDFLIB\DEBUG\STDAFX.OBJ
C:\Users\Administrator\Desktop\wx\ssw\ssw\libharu\pdflib\sswPDFLib\Debug\vc100.idb
C:\USERS\ADMINISTRATOR\DESKTOP\WX\SSW\SSW\LIBHARU\PDFLIB\SSWPDFLIB\DEBUG\VC100.PDB
