C:\USERS\ADMINISTRATOR\DESKTOP\WX\SSW\SSW\LIB\DEBUG\X64\LIBHARU.LIB
C:\Users\Administrator\Desktop\wx\ssw\ssw\libharu\pdflib\libharu\Debug\x64\cl.command.1.tlog
C:\Users\Administrator\Desktop\wx\ssw\ssw\libharu\pdflib\libharu\Debug\x64\CL.read.1.tlog
C:\Users\Administrator\Desktop\wx\ssw\ssw\libharu\pdflib\libharu\Debug\x64\CL.write.1.tlog
C:\USERS\ADMINISTRATOR\DESKTOP\WX\SSW\SSW\LIBHARU\PDFLIB\LIBHARU\DEBUG\X64\HPDF_3DMEASURE.OBJ
C:\USERS\ADMINISTRATOR\DESKTOP\WX\SSW\SSW\LIBHARU\PDFLIB\LIBHARU\DEBUG\X64\HPDF_ANNOTATION.OBJ
C:\USERS\ADMINISTRATOR\DESKTOP\WX\SSW\SSW\LIBHARU\PDFLIB\LIBHARU\DEBUG\X64\HPDF_ARRAY.OBJ
C:\USERS\ADMINISTRATOR\DESKTOP\WX\SSW\SSW\LIBHARU\PDFLIB\LIBHARU\DEBUG\X64\HPDF_BINARY.OBJ
C:\USERS\ADMINISTRATOR\DESKTOP\WX\SSW\SSW\LIBHARU\PDFLIB\LIBHARU\DEBUG\X64\HPDF_BOOLEAN.OBJ
C:\USERS\ADMINISTRATOR\DESKTOP\WX\SSW\SSW\LIBHARU\PDFLIB\LIBHARU\DEBUG\X64\HPDF_CATALOG.OBJ
C:\USERS\ADMINISTRATOR\DESKTOP\WX\SSW\SSW\LIBHARU\PDFLIB\LIBHARU\DEBUG\X64\HPDF_DESTINATION.OBJ
C:\USERS\ADMINISTRATOR\DESKTOP\WX\SSW\SSW\LIBHARU\PDFLIB\LIBHARU\DEBUG\X64\HPDF_DICT.OBJ
C:\USERS\ADMINISTRATOR\DESKTOP\WX\SSW\SSW\LIBHARU\PDFLIB\LIBHARU\DEBUG\X64\HPDF_DOC.OBJ
C:\USERS\ADMINISTRATOR\DESKTOP\WX\SSW\SSW\LIBHARU\PDFLIB\LIBHARU\DEBUG\X64\HPDF_DOC_PNG.OBJ
C:\USERS\ADMINISTRATOR\DESKTOP\WX\SSW\SSW\LIBHARU\PDFLIB\LIBHARU\DEBUG\X64\HPDF_ENCODER.OBJ
C:\USERS\ADMINISTRATOR\DESKTOP\WX\SSW\SSW\LIBHARU\PDFLIB\LIBHARU\DEBUG\X64\HPDF_ENCODER_CNS.OBJ
C:\USERS\ADMINISTRATOR\DESKTOP\WX\SSW\SSW\LIBHARU\PDFLIB\LIBHARU\DEBUG\X64\HPDF_ENCODER_CNT.OBJ
C:\USERS\ADMINISTRATOR\DESKTOP\WX\SSW\SSW\LIBHARU\PDFLIB\LIBHARU\DEBUG\X64\HPDF_ENCODER_JP.OBJ
C:\USERS\ADMINISTRATOR\DESKTOP\WX\SSW\SSW\LIBHARU\PDFLIB\LIBHARU\DEBUG\X64\HPDF_ENCODER_KR.OBJ
C:\USERS\ADMINISTRATOR\DESKTOP\WX\SSW\SSW\LIBHARU\PDFLIB\LIBHARU\DEBUG\X64\HPDF_ENCODER_UTF.OBJ
C:\USERS\ADMINISTRATOR\DESKTOP\WX\SSW\SSW\LIBHARU\PDFLIB\LIBHARU\DEBUG\X64\HPDF_ENCRYPT.OBJ
C:\USERS\ADMINISTRATOR\DESKTOP\WX\SSW\SSW\LIBHARU\PDFLIB\LIBHARU\DEBUG\X64\HPDF_ENCRYPTDICT.OBJ
C:\USERS\ADMINISTRATOR\DESKTOP\WX\SSW\SSW\LIBHARU\PDFLIB\LIBHARU\DEBUG\X64\HPDF_ERROR.OBJ
C:\USERS\ADMINISTRATOR\DESKTOP\WX\SSW\SSW\LIBHARU\PDFLIB\LIBHARU\DEBUG\X64\HPDF_EXDATA.OBJ
C:\USERS\ADMINISTRATOR\DESKTOP\WX\SSW\SSW\LIBHARU\PDFLIB\LIBHARU\DEBUG\X64\HPDF_EXT_GSTATE.OBJ
C:\USERS\ADMINISTRATOR\DESKTOP\WX\SSW\SSW\LIBHARU\PDFLIB\LIBHARU\DEBUG\X64\HPDF_FONT.OBJ
C:\USERS\ADMINISTRATOR\DESKTOP\WX\SSW\SSW\LIBHARU\PDFLIB\LIBHARU\DEBUG\X64\HPDF_FONT_CID.OBJ
C:\USERS\ADMINISTRATOR\DESKTOP\WX\SSW\SSW\LIBHARU\PDFLIB\LIBHARU\DEBUG\X64\HPDF_FONT_TT.OBJ
C:\USERS\ADMINISTRATOR\DESKTOP\WX\SSW\SSW\LIBHARU\PDFLIB\LIBHARU\DEBUG\X64\HPDF_FONT_TYPE1.OBJ
C:\USERS\ADMINISTRATOR\DESKTOP\WX\SSW\SSW\LIBHARU\PDFLIB\LIBHARU\DEBUG\X64\HPDF_FONTDEF.OBJ
C:\USERS\ADMINISTRATOR\DESKTOP\WX\SSW\SSW\LIBHARU\PDFLIB\LIBHARU\DEBUG\X64\HPDF_FONTDEF_BASE14.OBJ
C:\USERS\ADMINISTRATOR\DESKTOP\WX\SSW\SSW\LIBHARU\PDFLIB\LIBHARU\DEBUG\X64\HPDF_FONTDEF_CID.OBJ
C:\USERS\ADMINISTRATOR\DESKTOP\WX\SSW\SSW\LIBHARU\PDFLIB\LIBHARU\DEBUG\X64\HPDF_FONTDEF_CNS.OBJ
C:\USERS\ADMINISTRATOR\DESKTOP\WX\SSW\SSW\LIBHARU\PDFLIB\LIBHARU\DEBUG\X64\HPDF_FONTDEF_CNT.OBJ
C:\USERS\ADMINISTRATOR\DESKTOP\WX\SSW\SSW\LIBHARU\PDFLIB\LIBHARU\DEBUG\X64\HPDF_FONTDEF_JP.OBJ
C:\USERS\ADMINISTRATOR\DESKTOP\WX\SSW\SSW\LIBHARU\PDFLIB\LIBHARU\DEBUG\X64\HPDF_FONTDEF_KR.OBJ
C:\USERS\ADMINISTRATOR\DESKTOP\WX\SSW\SSW\LIBHARU\PDFLIB\LIBHARU\DEBUG\X64\HPDF_FONTDEF_TT.OBJ
C:\USERS\ADMINISTRATOR\DESKTOP\WX\SSW\SSW\LIBHARU\PDFLIB\LIBHARU\DEBUG\X64\HPDF_FONTDEF_TYPE1.OBJ
C:\USERS\ADMINISTRATOR\DESKTOP\WX\SSW\SSW\LIBHARU\PDFLIB\LIBHARU\DEBUG\X64\HPDF_GSTATE.OBJ
C:\USERS\ADMINISTRATOR\DESKTOP\WX\SSW\SSW\LIBHARU\PDFLIB\LIBHARU\DEBUG\X64\HPDF_IMAGE.OBJ
C:\USERS\ADMINISTRATOR\DESKTOP\WX\SSW\SSW\LIBHARU\PDFLIB\LIBHARU\DEBUG\X64\HPDF_IMAGE_CCITT.OBJ
C:\USERS\ADMINISTRATOR\DESKTOP\WX\SSW\SSW\LIBHARU\PDFLIB\LIBHARU\DEBUG\X64\HPDF_IMAGE_PNG.OBJ
C:\USERS\ADMINISTRATOR\DESKTOP\WX\SSW\SSW\LIBHARU\PDFLIB\LIBHARU\DEBUG\X64\HPDF_INFO.OBJ
C:\USERS\ADMINISTRATOR\DESKTOP\WX\SSW\SSW\LIBHARU\PDFLIB\LIBHARU\DEBUG\X64\HPDF_LIST.OBJ
C:\USERS\ADMINISTRATOR\DESKTOP\WX\SSW\SSW\LIBHARU\PDFLIB\LIBHARU\DEBUG\X64\HPDF_MMGR.OBJ
C:\USERS\ADMINISTRATOR\DESKTOP\WX\SSW\SSW\LIBHARU\PDFLIB\LIBHARU\DEBUG\X64\HPDF_NAME.OBJ
C:\USERS\ADMINISTRATOR\DESKTOP\WX\SSW\SSW\LIBHARU\PDFLIB\LIBHARU\DEBUG\X64\HPDF_NAMEDICT.OBJ
C:\USERS\ADMINISTRATOR\DESKTOP\WX\SSW\SSW\LIBHARU\PDFLIB\LIBHARU\DEBUG\X64\HPDF_NULL.OBJ
C:\USERS\ADMINISTRATOR\DESKTOP\WX\SSW\SSW\LIBHARU\PDFLIB\LIBHARU\DEBUG\X64\HPDF_NUMBER.OBJ
C:\USERS\ADMINISTRATOR\DESKTOP\WX\SSW\SSW\LIBHARU\PDFLIB\LIBHARU\DEBUG\X64\HPDF_OBJECTS.OBJ
C:\USERS\ADMINISTRATOR\DESKTOP\WX\SSW\SSW\LIBHARU\PDFLIB\LIBHARU\DEBUG\X64\HPDF_OUTLINE.OBJ
C:\USERS\ADMINISTRATOR\DESKTOP\WX\SSW\SSW\LIBHARU\PDFLIB\LIBHARU\DEBUG\X64\HPDF_PAGE_LABEL.OBJ
C:\USERS\ADMINISTRATOR\DESKTOP\WX\SSW\SSW\LIBHARU\PDFLIB\LIBHARU\DEBUG\X64\HPDF_PAGE_OPERATOR.OBJ
C:\USERS\ADMINISTRATOR\DESKTOP\WX\SSW\SSW\LIBHARU\PDFLIB\LIBHARU\DEBUG\X64\HPDF_PAGES.OBJ
C:\USERS\ADMINISTRATOR\DESKTOP\WX\SSW\SSW\LIBHARU\PDFLIB\LIBHARU\DEBUG\X64\HPDF_PDFA.OBJ
C:\USERS\ADMINISTRATOR\DESKTOP\WX\SSW\SSW\LIBHARU\PDFLIB\LIBHARU\DEBUG\X64\HPDF_REAL.OBJ
C:\USERS\ADMINISTRATOR\DESKTOP\WX\SSW\SSW\LIBHARU\PDFLIB\LIBHARU\DEBUG\X64\HPDF_STREAMS.OBJ
C:\USERS\ADMINISTRATOR\DESKTOP\WX\SSW\SSW\LIBHARU\PDFLIB\LIBHARU\DEBUG\X64\HPDF_STRING.OBJ
C:\USERS\ADMINISTRATOR\DESKTOP\WX\SSW\SSW\LIBHARU\PDFLIB\LIBHARU\DEBUG\X64\HPDF_U3D.OBJ
C:\USERS\ADMINISTRATOR\DESKTOP\WX\SSW\SSW\LIBHARU\PDFLIB\LIBHARU\DEBUG\X64\HPDF_UTILS.OBJ
C:\USERS\ADMINISTRATOR\DESKTOP\WX\SSW\SSW\LIBHARU\PDFLIB\LIBHARU\DEBUG\X64\HPDF_XREF.OBJ
C:\Users\Administrator\Desktop\wx\ssw\ssw\libharu\pdflib\libharu\Debug\x64\lib.command.1.tlog
C:\Users\Administrator\Desktop\wx\ssw\ssw\libharu\pdflib\libharu\Debug\x64\Lib-link.read.1.tlog
C:\Users\Administrator\Desktop\wx\ssw\ssw\libharu\pdflib\libharu\Debug\x64\Lib-link.write.1.tlog
C:\USERS\ADMINISTRATOR\DESKTOP\WX\SSW\SSW\LIBHARU\PDFLIB\LIBHARU\DEBUG\X64\VC100.PDB
