生成启动时间为 2016/8/20 17:32:45。
     1>项目“C:\Users\mld\Desktop\rs15\libharu\pdflib\libharu_app\libharu_app.vcxproj”在节点 2 上(build 个目标)。
     1>PrepareForBuild:
         正在创建目录“C:\Users\mld\Desktop\rs15\libharu\pdflib\Release\”。
       InitializeBuildStatus:
         正在对“Release\libharu_app.unsuccessfulbuild”执行 Touch 任务。
       ClCompile:
         D:\Program Files (x86)\Microsoft Visual Studio 10.0\VC\bin\CL.exe /c /Zi /nologo /W3 /WX- /O2 /Oi /Oy- /GL /D WIN32 /D NDEBUG /D _CONSOLE /D _UNICODE /D UNICODE /Gm- /EHsc /MD /GS /Gy /fp:precise /Zc:wchar_t /Zc:forScope /Fo"Release\\" /Fd"Release\vc100.pdb" /Gd /TP /analyze- /errorReport:prompt error_handle.cpp grid_sheet.cpp main.cpp raw_image_demo.cpp text_demo.cpp
         error_handle.cpp
     1>c:\users\mld\desktop\rs15\libharu\pdflib\libharu_app\error_handle.h(1): fatal error C1083: 无法打开包括文件:“hpdf.h”: No such file or directory
         grid_sheet.cpp
     1>grid_sheet.cpp(5): fatal error C1083: 无法打开包括文件:“hpdf.h”: No such file or directory
         main.cpp
     1>main.cpp(8): fatal error C1083: 无法打开包括文件:“hpdf.h”: No such file or directory
         raw_image_demo.cpp
     1>raw_image_demo.cpp(20): fatal error C1083: 无法打开包括文件:“hpdf.h”: No such file or directory
         text_demo.cpp
     1>text_demo.cpp(20): fatal error C1083: 无法打开包括文件:“hpdf.h”: No such file or directory
     1>已完成生成项目“C:\Users\mld\Desktop\rs15\libharu\pdflib\libharu_app\libharu_app.vcxproj”(build 个目标)的操作 - 失败。

生成失败。

已用时间 00:00:02.50
