C:\USERS\ADMINISTRATOR\DESKTOP\WX\SSW\SSW\LIB\RELEASE\X64\LIBHARU.LIB
C:\USERS\ADMINISTRATOR\DESKTOP\WX\SSW\SSW\LIBHARU\PDFLIB\LIBHARU\RELEASE\X64\HPDF_3DMEASURE.OBJ
C:\USERS\ADMINISTRATOR\DESKTOP\WX\SSW\SSW\LIBHARU\PDFLIB\LIBHARU\RELEASE\X64\HPDF_ANNOTATION.OBJ
C:\USERS\ADMINISTRATOR\DESKTOP\WX\SSW\SSW\LIBHARU\PDFLIB\LIBHARU\RELEASE\X64\HPDF_ARRAY.OBJ
C:\USERS\ADMINISTRATOR\DESKTOP\WX\SSW\SSW\LIBHARU\PDFLIB\LIBHARU\RELEASE\X64\HPDF_BINARY.OBJ
C:\USERS\ADMINISTRATOR\DESKTOP\WX\SSW\SSW\LIBHARU\PDFLIB\LIBHARU\RELEASE\X64\HPDF_BOOLEAN.OBJ
C:\USERS\ADMINISTRATOR\DESKTOP\WX\SSW\SSW\LIBHARU\PDFLIB\LIBHARU\RELEASE\X64\HPDF_CATALOG.OBJ
C:\USERS\ADMINISTRATOR\DESKTOP\WX\SSW\SSW\LIBHARU\PDFLIB\LIBHARU\RELEASE\X64\HPDF_DESTINATION.OBJ
C:\USERS\ADMINISTRATOR\DESKTOP\WX\SSW\SSW\LIBHARU\PDFLIB\LIBHARU\RELEASE\X64\HPDF_DICT.OBJ
C:\USERS\ADMINISTRATOR\DESKTOP\WX\SSW\SSW\LIBHARU\PDFLIB\LIBHARU\RELEASE\X64\HPDF_DOC.OBJ
C:\USERS\ADMINISTRATOR\DESKTOP\WX\SSW\SSW\LIBHARU\PDFLIB\LIBHARU\RELEASE\X64\HPDF_DOC_PNG.OBJ
C:\USERS\ADMINISTRATOR\DESKTOP\WX\SSW\SSW\LIBHARU\PDFLIB\LIBHARU\RELEASE\X64\HPDF_ENCODER.OBJ
C:\USERS\ADMINISTRATOR\DESKTOP\WX\SSW\SSW\LIBHARU\PDFLIB\LIBHARU\RELEASE\X64\HPDF_ENCODER_CNS.OBJ
C:\USERS\ADMINISTRATOR\DESKTOP\WX\SSW\SSW\LIBHARU\PDFLIB\LIBHARU\RELEASE\X64\HPDF_ENCODER_CNT.OBJ
C:\USERS\ADMINISTRATOR\DESKTOP\WX\SSW\SSW\LIBHARU\PDFLIB\LIBHARU\RELEASE\X64\HPDF_ENCODER_JP.OBJ
C:\USERS\ADMINISTRATOR\DESKTOP\WX\SSW\SSW\LIBHARU\PDFLIB\LIBHARU\RELEASE\X64\HPDF_ENCODER_KR.OBJ
C:\USERS\ADMINISTRATOR\DESKTOP\WX\SSW\SSW\LIBHARU\PDFLIB\LIBHARU\RELEASE\X64\HPDF_ENCODER_UTF.OBJ
C:\USERS\ADMINISTRATOR\DESKTOP\WX\SSW\SSW\LIBHARU\PDFLIB\LIBHARU\RELEASE\X64\HPDF_ENCRYPT.OBJ
C:\USERS\ADMINISTRATOR\DESKTOP\WX\SSW\SSW\LIBHARU\PDFLIB\LIBHARU\RELEASE\X64\HPDF_ENCRYPTDICT.OBJ
C:\USERS\ADMINISTRATOR\DESKTOP\WX\SSW\SSW\LIBHARU\PDFLIB\LIBHARU\RELEASE\X64\HPDF_ERROR.OBJ
C:\USERS\ADMINISTRATOR\DESKTOP\WX\SSW\SSW\LIBHARU\PDFLIB\LIBHARU\RELEASE\X64\HPDF_EXDATA.OBJ
C:\USERS\ADMINISTRATOR\DESKTOP\WX\SSW\SSW\LIBHARU\PDFLIB\LIBHARU\RELEASE\X64\HPDF_EXT_GSTATE.OBJ
C:\USERS\ADMINISTRATOR\DESKTOP\WX\SSW\SSW\LIBHARU\PDFLIB\LIBHARU\RELEASE\X64\HPDF_FONT.OBJ
C:\USERS\ADMINISTRATOR\DESKTOP\WX\SSW\SSW\LIBHARU\PDFLIB\LIBHARU\RELEASE\X64\HPDF_FONT_CID.OBJ
C:\USERS\ADMINISTRATOR\DESKTOP\WX\SSW\SSW\LIBHARU\PDFLIB\LIBHARU\RELEASE\X64\HPDF_FONT_TT.OBJ
C:\USERS\ADMINISTRATOR\DESKTOP\WX\SSW\SSW\LIBHARU\PDFLIB\LIBHARU\RELEASE\X64\HPDF_FONT_TYPE1.OBJ
C:\USERS\ADMINISTRATOR\DESKTOP\WX\SSW\SSW\LIBHARU\PDFLIB\LIBHARU\RELEASE\X64\HPDF_FONTDEF.OBJ
C:\USERS\ADMINISTRATOR\DESKTOP\WX\SSW\SSW\LIBHARU\PDFLIB\LIBHARU\RELEASE\X64\HPDF_FONTDEF_BASE14.OBJ
C:\USERS\ADMINISTRATOR\DESKTOP\WX\SSW\SSW\LIBHARU\PDFLIB\LIBHARU\RELEASE\X64\HPDF_FONTDEF_CID.OBJ
C:\USERS\ADMINISTRATOR\DESKTOP\WX\SSW\SSW\LIBHARU\PDFLIB\LIBHARU\RELEASE\X64\HPDF_FONTDEF_CNS.OBJ
C:\USERS\ADMINISTRATOR\DESKTOP\WX\SSW\SSW\LIBHARU\PDFLIB\LIBHARU\RELEASE\X64\HPDF_FONTDEF_CNT.OBJ
C:\USERS\ADMINISTRATOR\DESKTOP\WX\SSW\SSW\LIBHARU\PDFLIB\LIBHARU\RELEASE\X64\HPDF_FONTDEF_JP.OBJ
C:\USERS\ADMINISTRATOR\DESKTOP\WX\SSW\SSW\LIBHARU\PDFLIB\LIBHARU\RELEASE\X64\HPDF_FONTDEF_KR.OBJ
C:\USERS\ADMINISTRATOR\DESKTOP\WX\SSW\SSW\LIBHARU\PDFLIB\LIBHARU\RELEASE\X64\HPDF_FONTDEF_TT.OBJ
C:\USERS\ADMINISTRATOR\DESKTOP\WX\SSW\SSW\LIBHARU\PDFLIB\LIBHARU\RELEASE\X64\HPDF_FONTDEF_TYPE1.OBJ
C:\USERS\ADMINISTRATOR\DESKTOP\WX\SSW\SSW\LIBHARU\PDFLIB\LIBHARU\RELEASE\X64\HPDF_GSTATE.OBJ
C:\USERS\ADMINISTRATOR\DESKTOP\WX\SSW\SSW\LIBHARU\PDFLIB\LIBHARU\RELEASE\X64\HPDF_IMAGE.OBJ
C:\USERS\ADMINISTRATOR\DESKTOP\WX\SSW\SSW\LIBHARU\PDFLIB\LIBHARU\RELEASE\X64\HPDF_IMAGE_CCITT.OBJ
C:\USERS\ADMINISTRATOR\DESKTOP\WX\SSW\SSW\LIBHARU\PDFLIB\LIBHARU\RELEASE\X64\HPDF_IMAGE_PNG.OBJ
C:\USERS\ADMINISTRATOR\DESKTOP\WX\SSW\SSW\LIBHARU\PDFLIB\LIBHARU\RELEASE\X64\HPDF_INFO.OBJ
C:\USERS\ADMINISTRATOR\DESKTOP\WX\SSW\SSW\LIBHARU\PDFLIB\LIBHARU\RELEASE\X64\HPDF_LIST.OBJ
C:\USERS\ADMINISTRATOR\DESKTOP\WX\SSW\SSW\LIBHARU\PDFLIB\LIBHARU\RELEASE\X64\HPDF_MMGR.OBJ
C:\USERS\ADMINISTRATOR\DESKTOP\WX\SSW\SSW\LIBHARU\PDFLIB\LIBHARU\RELEASE\X64\HPDF_NAME.OBJ
C:\USERS\ADMINISTRATOR\DESKTOP\WX\SSW\SSW\LIBHARU\PDFLIB\LIBHARU\RELEASE\X64\HPDF_NAMEDICT.OBJ
C:\USERS\ADMINISTRATOR\DESKTOP\WX\SSW\SSW\LIBHARU\PDFLIB\LIBHARU\RELEASE\X64\HPDF_NULL.OBJ
C:\USERS\ADMINISTRATOR\DESKTOP\WX\SSW\SSW\LIBHARU\PDFLIB\LIBHARU\RELEASE\X64\HPDF_NUMBER.OBJ
C:\USERS\ADMINISTRATOR\DESKTOP\WX\SSW\SSW\LIBHARU\PDFLIB\LIBHARU\RELEASE\X64\HPDF_OBJECTS.OBJ
C:\USERS\ADMINISTRATOR\DESKTOP\WX\SSW\SSW\LIBHARU\PDFLIB\LIBHARU\RELEASE\X64\HPDF_OUTLINE.OBJ
C:\USERS\ADMINISTRATOR\DESKTOP\WX\SSW\SSW\LIBHARU\PDFLIB\LIBHARU\RELEASE\X64\HPDF_PAGE_LABEL.OBJ
C:\USERS\ADMINISTRATOR\DESKTOP\WX\SSW\SSW\LIBHARU\PDFLIB\LIBHARU\RELEASE\X64\HPDF_PAGE_OPERATOR.OBJ
C:\USERS\ADMINISTRATOR\DESKTOP\WX\SSW\SSW\LIBHARU\PDFLIB\LIBHARU\RELEASE\X64\HPDF_PAGES.OBJ
C:\USERS\ADMINISTRATOR\DESKTOP\WX\SSW\SSW\LIBHARU\PDFLIB\LIBHARU\RELEASE\X64\HPDF_PDFA.OBJ
C:\USERS\ADMINISTRATOR\DESKTOP\WX\SSW\SSW\LIBHARU\PDFLIB\LIBHARU\RELEASE\X64\HPDF_REAL.OBJ
C:\USERS\ADMINISTRATOR\DESKTOP\WX\SSW\SSW\LIBHARU\PDFLIB\LIBHARU\RELEASE\X64\HPDF_STREAMS.OBJ
C:\USERS\ADMINISTRATOR\DESKTOP\WX\SSW\SSW\LIBHARU\PDFLIB\LIBHARU\RELEASE\X64\HPDF_STRING.OBJ
C:\USERS\ADMINISTRATOR\DESKTOP\WX\SSW\SSW\LIBHARU\PDFLIB\LIBHARU\RELEASE\X64\HPDF_U3D.OBJ
C:\USERS\ADMINISTRATOR\DESKTOP\WX\SSW\SSW\LIBHARU\PDFLIB\LIBHARU\RELEASE\X64\HPDF_UTILS.OBJ
C:\USERS\ADMINISTRATOR\DESKTOP\WX\SSW\SSW\LIBHARU\PDFLIB\LIBHARU\RELEASE\X64\HPDF_XREF.OBJ
C:\USERS\ADMINISTRATOR\DESKTOP\WX\SSW\SSW\LIBHARU\PDFLIB\LIBHARU\RELEASE\X64\VC100.PDB
G:\ssw\ssw\libharu\pdflib\libharu\Release\x64\cl.command.1.tlog
G:\ssw\ssw\libharu\pdflib\libharu\Release\x64\CL.read.1.tlog
G:\ssw\ssw\libharu\pdflib\libharu\Release\x64\CL.write.1.tlog
G:\ssw\ssw\libharu\pdflib\libharu\Release\x64\hpdf_3dmeasure.obj
G:\ssw\ssw\libharu\pdflib\libharu\Release\x64\hpdf_annotation.obj
G:\ssw\ssw\libharu\pdflib\libharu\Release\x64\hpdf_array.obj
G:\ssw\ssw\libharu\pdflib\libharu\Release\x64\hpdf_binary.obj
G:\ssw\ssw\libharu\pdflib\libharu\Release\x64\hpdf_boolean.obj
G:\ssw\ssw\libharu\pdflib\libharu\Release\x64\hpdf_catalog.obj
G:\ssw\ssw\libharu\pdflib\libharu\Release\x64\hpdf_destination.obj
G:\ssw\ssw\libharu\pdflib\libharu\Release\x64\hpdf_dict.obj
G:\ssw\ssw\libharu\pdflib\libharu\Release\x64\hpdf_doc.obj
G:\ssw\ssw\libharu\pdflib\libharu\Release\x64\hpdf_doc_png.obj
G:\ssw\ssw\libharu\pdflib\libharu\Release\x64\hpdf_encoder.obj
G:\ssw\ssw\libharu\pdflib\libharu\Release\x64\hpdf_encoder_cns.obj
G:\ssw\ssw\libharu\pdflib\libharu\Release\x64\hpdf_encoder_cnt.obj
G:\ssw\ssw\libharu\pdflib\libharu\Release\x64\hpdf_encoder_jp.obj
G:\ssw\ssw\libharu\pdflib\libharu\Release\x64\hpdf_encoder_kr.obj
G:\ssw\ssw\libharu\pdflib\libharu\Release\x64\hpdf_encoder_utf.obj
G:\ssw\ssw\libharu\pdflib\libharu\Release\x64\hpdf_encrypt.obj
G:\ssw\ssw\libharu\pdflib\libharu\Release\x64\hpdf_encryptdict.obj
G:\ssw\ssw\libharu\pdflib\libharu\Release\x64\hpdf_error.obj
G:\ssw\ssw\libharu\pdflib\libharu\Release\x64\hpdf_exdata.obj
G:\ssw\ssw\libharu\pdflib\libharu\Release\x64\hpdf_ext_gstate.obj
G:\ssw\ssw\libharu\pdflib\libharu\Release\x64\hpdf_font.obj
G:\ssw\ssw\libharu\pdflib\libharu\Release\x64\hpdf_font_cid.obj
G:\ssw\ssw\libharu\pdflib\libharu\Release\x64\hpdf_font_tt.obj
G:\ssw\ssw\libharu\pdflib\libharu\Release\x64\hpdf_font_type1.obj
G:\ssw\ssw\libharu\pdflib\libharu\Release\x64\hpdf_fontdef.obj
G:\ssw\ssw\libharu\pdflib\libharu\Release\x64\hpdf_fontdef_base14.obj
G:\ssw\ssw\libharu\pdflib\libharu\Release\x64\hpdf_fontdef_cid.obj
G:\ssw\ssw\libharu\pdflib\libharu\Release\x64\hpdf_fontdef_cns.obj
G:\ssw\ssw\libharu\pdflib\libharu\Release\x64\hpdf_fontdef_cnt.obj
G:\ssw\ssw\libharu\pdflib\libharu\Release\x64\hpdf_fontdef_jp.obj
G:\ssw\ssw\libharu\pdflib\libharu\Release\x64\hpdf_fontdef_kr.obj
G:\ssw\ssw\libharu\pdflib\libharu\Release\x64\hpdf_fontdef_tt.obj
G:\ssw\ssw\libharu\pdflib\libharu\Release\x64\hpdf_fontdef_type1.obj
G:\ssw\ssw\libharu\pdflib\libharu\Release\x64\hpdf_gstate.obj
G:\ssw\ssw\libharu\pdflib\libharu\Release\x64\hpdf_image.obj
G:\ssw\ssw\libharu\pdflib\libharu\Release\x64\hpdf_image_ccitt.obj
G:\ssw\ssw\libharu\pdflib\libharu\Release\x64\hpdf_image_png.obj
G:\ssw\ssw\libharu\pdflib\libharu\Release\x64\hpdf_info.obj
G:\ssw\ssw\libharu\pdflib\libharu\Release\x64\hpdf_list.obj
G:\ssw\ssw\libharu\pdflib\libharu\Release\x64\hpdf_mmgr.obj
G:\ssw\ssw\libharu\pdflib\libharu\Release\x64\hpdf_name.obj
G:\ssw\ssw\libharu\pdflib\libharu\Release\x64\hpdf_namedict.obj
G:\ssw\ssw\libharu\pdflib\libharu\Release\x64\hpdf_null.obj
G:\ssw\ssw\libharu\pdflib\libharu\Release\x64\hpdf_number.obj
G:\ssw\ssw\libharu\pdflib\libharu\Release\x64\hpdf_objects.obj
G:\ssw\ssw\libharu\pdflib\libharu\Release\x64\hpdf_outline.obj
G:\ssw\ssw\libharu\pdflib\libharu\Release\x64\hpdf_page_label.obj
G:\ssw\ssw\libharu\pdflib\libharu\Release\x64\hpdf_page_operator.obj
G:\ssw\ssw\libharu\pdflib\libharu\Release\x64\hpdf_pages.obj
G:\ssw\ssw\libharu\pdflib\libharu\Release\x64\hpdf_pdfa.obj
G:\ssw\ssw\libharu\pdflib\libharu\Release\x64\hpdf_real.obj
G:\ssw\ssw\libharu\pdflib\libharu\Release\x64\hpdf_streams.obj
G:\ssw\ssw\libharu\pdflib\libharu\Release\x64\hpdf_string.obj
G:\ssw\ssw\libharu\pdflib\libharu\Release\x64\hpdf_u3d.obj
G:\ssw\ssw\libharu\pdflib\libharu\Release\x64\hpdf_utils.obj
G:\ssw\ssw\libharu\pdflib\libharu\Release\x64\hpdf_xref.obj
G:\ssw\ssw\libharu\pdflib\libharu\Release\x64\lib.command.1.tlog
G:\ssw\ssw\libharu\pdflib\libharu\Release\x64\Lib-link.read.1.tlog
G:\ssw\ssw\libharu\pdflib\libharu\Release\x64\Lib-link.write.1.tlog
G:\ssw\ssw\libharu\pdflib\libharu\Release\x64\vc100.pdb
