  hpdf_3dmeasure.c
  hpdf_annotation.c
  hpdf_array.c
  hpdf_binary.c
  hpdf_boolean.c
  hpdf_catalog.c
  hpdf_destination.c
  hpdf_dict.c
  hpdf_doc.c
  hpdf_doc_png.c
  hpdf_encoder.c
  hpdf_encoder_cns.c
  hpdf_encoder_cnt.c
  hpdf_encoder_jp.c
  hpdf_encoder_kr.c
  hpdf_encoder_utf.c
  hpdf_encrypt.c
  hpdf_encryptdict.c
  hpdf_error.c
  hpdf_exdata.c
  Compiling...
  hpdf_ext_gstate.c
  hpdf_font.c
  hpdf_font_cid.c
  hpdf_font_tt.c
  hpdf_font_type1.c
  hpdf_fontdef.c
  hpdf_fontdef_base14.c
  hpdf_fontdef_cid.c
  hpdf_fontdef_cns.c
  hpdf_fontdef_cnt.c
  hpdf_fontdef_jp.c
  hpdf_fontdef_kr.c
  hpdf_fontdef_tt.c
  hpdf_fontdef_type1.c
src\hpdf_fontdef_type1.c(338): warning C4244: '=' : conversion from '__int64' to 'HPDF_UINT', possible loss of data
src\hpdf_fontdef_type1.c(347): warning C4244: '=' : conversion from '__int64' to 'HPDF_UINT', possible loss of data
  hpdf_gstate.c
  hpdf_image.c
  hpdf_image_ccitt.c
  hpdf_image_png.c
src\hpdf_image_png.c(111): warning C4267: 'initializing' : conversion from 'size_t' to 'png_uint_32', possible loss of data
src\hpdf_image_png.c(154): warning C4267: 'initializing' : conversion from 'size_t' to 'png_uint_32', possible loss of data
src\hpdf_image_png.c(194): warning C4267: 'initializing' : conversion from 'size_t' to 'png_uint_32', possible loss of data
src\hpdf_image_png.c(258): warning C4267: 'initializing' : conversion from 'size_t' to 'png_uint_32', possible loss of data
src\hpdf_image_png.c(350): warning C4018: '<' : signed/unsigned mismatch
  hpdf_info.c
  hpdf_list.c
  Compiling...
  hpdf_mmgr.c
  hpdf_name.c
  hpdf_namedict.c
  hpdf_null.c
  hpdf_number.c
  hpdf_objects.c
  hpdf_outline.c
  hpdf_page_label.c
  hpdf_page_operator.c
  hpdf_pages.c
  hpdf_pdfa.c
src\hpdf_pdfa.c(107): warning C4267: 'function' : conversion from 'size_t' to 'HPDF_UINT', possible loss of data
  hpdf_real.c
  hpdf_streams.c
src\hpdf_streams.c(811): warning C4267: '=' : conversion from 'size_t' to 'HPDF_UINT', possible loss of data
src\hpdf_streams.c(978): warning C4267: '=' : conversion from 'size_t' to 'HPDF_UINT', possible loss of data
  hpdf_string.c
  hpdf_u3d.c
  hpdf_utils.c
  hpdf_xref.c
C:\Program Files (x86)\MSBuild\Microsoft.Cpp\v4.0\Microsoft.CppBuild.targets(1151,5): warning MSB8012: TargetPath(E:\0_G5Group\02_program\00_ssw\ssw\Bin\Release\x64\libharu.lib) does not match the Library's OutputFile property value (E:\0_G5Group\02_program\00_ssw\ssw\lib\Release\x64\libharu.lib). This may cause your project to build incorrectly. To correct this, please make sure that $(OutDir), $(TargetName) and $(TargetExt) property values match the value specified in %(Lib.OutputFile).
  libharu.vcxproj -> E:\0_G5Group\02_program\00_ssw\ssw\Bin\Release\x64\libharu.lib
